Start testing: Jan 16 16:15 IST
----------------------------------------------------------
1/26 Testing: malloc_1.Sanity
1/26 Test: malloc_1.Sanity
Command: "/home/rotem/os/os-hw4/build/tests/malloc_1_test" "Sanity"
Directory: /home/rotem/os/os-hw4/build/tests
"malloc_1.Sanity" start time: Jan 16 16:15 IST
Output:
----------------------------------------------------------
Filters: Sanity
Randomness seeded to: 2624006478
===============================================================================
All tests passed (2 assertions in 1 test case)

<end of output>
Test time =   0.01 sec
----------------------------------------------------------
Test Passed.
"malloc_1.Sanity" end time: Jan 16 16:15 IST
"malloc_1.Sanity" time elapsed: 00:00:00
----------------------------------------------------------

2/26 Testing: malloc_1.Check size
2/26 Test: malloc_1.Check size
Command: "/home/rotem/os/os-hw4/build/tests/malloc_1_test" "Check size"
Directory: /home/rotem/os/os-hw4/build/tests
"malloc_1.Check size" start time: Jan 16 16:15 IST
Output:
----------------------------------------------------------
Filters: Check size
Randomness seeded to: 1360256275
===============================================================================
All tests passed (6 assertions in 1 test case)

<end of output>
Test time =   0.00 sec
----------------------------------------------------------
Test Passed.
"malloc_1.Check size" end time: Jan 16 16:15 IST
"malloc_1.Check size" time elapsed: 00:00:00
----------------------------------------------------------

3/26 Testing: malloc_1.0 size
3/26 Test: malloc_1.0 size
Command: "/home/rotem/os/os-hw4/build/tests/malloc_1_test" "0 size"
Directory: /home/rotem/os/os-hw4/build/tests
"malloc_1.0 size" start time: Jan 16 16:15 IST
Output:
----------------------------------------------------------
Filters: 0 size
Randomness seeded to: 1672317633
===============================================================================
All tests passed (2 assertions in 1 test case)

<end of output>
Test time =   0.00 sec
----------------------------------------------------------
Test Passed.
"malloc_1.0 size" end time: Jan 16 16:15 IST
"malloc_1.0 size" time elapsed: 00:00:00
----------------------------------------------------------

4/26 Testing: malloc_1.Max size
4/26 Test: malloc_1.Max size
Command: "/home/rotem/os/os-hw4/build/tests/malloc_1_test" "Max size"
Directory: /home/rotem/os/os-hw4/build/tests
"malloc_1.Max size" start time: Jan 16 16:15 IST
Output:
----------------------------------------------------------
Filters: Max size
Randomness seeded to: 3680828442
===============================================================================
All tests passed (4 assertions in 1 test case)

<end of output>
Test time =   0.00 sec
----------------------------------------------------------
Test Passed.
"malloc_1.Max size" end time: Jan 16 16:15 IST
"malloc_1.Max size" time elapsed: 00:00:00
----------------------------------------------------------

5/26 Testing: malloc_2.Sanity
5/26 Test: malloc_2.Sanity
Command: "/home/rotem/os/os-hw4/build/tests/malloc_2_test" "Sanity"
Directory: /home/rotem/os/os-hw4/build/tests
"malloc_2.Sanity" start time: Jan 16 16:15 IST
Output:
----------------------------------------------------------
Filters: Sanity
Randomness seeded to: 2338629956
===============================================================================
All tests passed (19 assertions in 1 test case)

<end of output>
Test time =   0.00 sec
----------------------------------------------------------
Test Passed.
"malloc_2.Sanity" end time: Jan 16 16:15 IST
"malloc_2.Sanity" time elapsed: 00:00:00
----------------------------------------------------------

6/26 Testing: malloc_2.Check size
6/26 Test: malloc_2.Check size
Command: "/home/rotem/os/os-hw4/build/tests/malloc_2_test" "Check size"
Directory: /home/rotem/os/os-hw4/build/tests
"malloc_2.Check size" start time: Jan 16 16:15 IST
Output:
----------------------------------------------------------
Filters: Check size
Randomness seeded to: 2685339528
===============================================================================
All tests passed (33 assertions in 1 test case)

<end of output>
Test time =   0.00 sec
----------------------------------------------------------
Test Passed.
"malloc_2.Check size" end time: Jan 16 16:15 IST
"malloc_2.Check size" time elapsed: 00:00:00
----------------------------------------------------------

7/26 Testing: malloc_2.0 size
7/26 Test: malloc_2.0 size
Command: "/home/rotem/os/os-hw4/build/tests/malloc_2_test" "0 size"
Directory: /home/rotem/os/os-hw4/build/tests
"malloc_2.0 size" start time: Jan 16 16:15 IST
Output:
----------------------------------------------------------
Filters: 0 size
Randomness seeded to: 3986079834
===============================================================================
All tests passed (13 assertions in 1 test case)

<end of output>
Test time =   0.00 sec
----------------------------------------------------------
Test Passed.
"malloc_2.0 size" end time: Jan 16 16:15 IST
"malloc_2.0 size" time elapsed: 00:00:00
----------------------------------------------------------

8/26 Testing: malloc_2.Max size
8/26 Test: malloc_2.Max size
Command: "/home/rotem/os/os-hw4/build/tests/malloc_2_test" "Max size"
Directory: /home/rotem/os/os-hw4/build/tests
"malloc_2.Max size" start time: Jan 16 16:15 IST
Output:
----------------------------------------------------------
Filters: Max size
Randomness seeded to: 2200332718
===============================================================================
All tests passed (27 assertions in 1 test case)

<end of output>
Test time =   0.00 sec
----------------------------------------------------------
Test Passed.
"malloc_2.Max size" end time: Jan 16 16:15 IST
"malloc_2.Max size" time elapsed: 00:00:00
----------------------------------------------------------

9/26 Testing: malloc_2.free
9/26 Test: malloc_2.free
Command: "/home/rotem/os/os-hw4/build/tests/malloc_2_test" "free"
Directory: /home/rotem/os/os-hw4/build/tests
"malloc_2.free" start time: Jan 16 16:15 IST
Output:
----------------------------------------------------------
Filters: free
Randomness seeded to: 3428823516
===============================================================================
All tests passed (59 assertions in 1 test case)

<end of output>
Test time =   0.00 sec
----------------------------------------------------------
Test Passed.
"malloc_2.free" end time: Jan 16 16:15 IST
"malloc_2.free" time elapsed: 00:00:00
----------------------------------------------------------

10/26 Testing: malloc_2.free 2
10/26 Test: malloc_2.free 2
Command: "/home/rotem/os/os-hw4/build/tests/malloc_2_test" "free 2"
Directory: /home/rotem/os/os-hw4/build/tests
"malloc_2.free 2" start time: Jan 16 16:15 IST
Output:
----------------------------------------------------------
Filters: free 2
Randomness seeded to: 2859023889
===============================================================================
All tests passed (59 assertions in 1 test case)

<end of output>
Test time =   0.00 sec
----------------------------------------------------------
Test Passed.
"malloc_2.free 2" end time: Jan 16 16:15 IST
"malloc_2.free 2" time elapsed: 00:00:00
----------------------------------------------------------

11/26 Testing: malloc_2.free 3
11/26 Test: malloc_2.free 3
Command: "/home/rotem/os/os-hw4/build/tests/malloc_2_test" "free 3"
Directory: /home/rotem/os/os-hw4/build/tests
"malloc_2.free 3" start time: Jan 16 16:15 IST
Output:
----------------------------------------------------------
Filters: free 3
Randomness seeded to: 863097292
===============================================================================
All tests passed (59 assertions in 1 test case)

<end of output>
Test time =   0.00 sec
----------------------------------------------------------
Test Passed.
"malloc_2.free 3" end time: Jan 16 16:15 IST
"malloc_2.free 3" time elapsed: 00:00:00
----------------------------------------------------------

12/26 Testing: malloc_2.Reuse
12/26 Test: malloc_2.Reuse
Command: "/home/rotem/os/os-hw4/build/tests/malloc_2_test" "Reuse"
Directory: /home/rotem/os/os-hw4/build/tests
"malloc_2.Reuse" start time: Jan 16 16:15 IST
Output:
----------------------------------------------------------
Filters: Reuse
Randomness seeded to: 616185237
===============================================================================
All tests passed (32 assertions in 1 test case)

<end of output>
Test time =   0.00 sec
----------------------------------------------------------
Test Passed.
"malloc_2.Reuse" end time: Jan 16 16:15 IST
"malloc_2.Reuse" time elapsed: 00:00:00
----------------------------------------------------------

13/26 Testing: malloc_2.Reuse two blocks
13/26 Test: malloc_2.Reuse two blocks
Command: "/home/rotem/os/os-hw4/build/tests/malloc_2_test" "Reuse two blocks"
Directory: /home/rotem/os/os-hw4/build/tests
"malloc_2.Reuse two blocks" start time: Jan 16 16:15 IST
Output:
----------------------------------------------------------
Filters: Reuse two blocks
Randomness seeded to: 2867441316
===============================================================================
All tests passed (46 assertions in 1 test case)

<end of output>
Test time =   0.00 sec
----------------------------------------------------------
Test Passed.
"malloc_2.Reuse two blocks" end time: Jan 16 16:15 IST
"malloc_2.Reuse two blocks" time elapsed: 00:00:00
----------------------------------------------------------

14/26 Testing: malloc_2.Reuse two blocks reverse
14/26 Test: malloc_2.Reuse two blocks reverse
Command: "/home/rotem/os/os-hw4/build/tests/malloc_2_test" "Reuse two blocks reverse"
Directory: /home/rotem/os/os-hw4/build/tests
"malloc_2.Reuse two blocks reverse" start time: Jan 16 16:15 IST
Output:
----------------------------------------------------------
Filters: Reuse two blocks reverse
Randomness seeded to: 3757077862
===============================================================================
All tests passed (46 assertions in 1 test case)

<end of output>
Test time =   0.00 sec
----------------------------------------------------------
Test Passed.
"malloc_2.Reuse two blocks reverse" end time: Jan 16 16:15 IST
"malloc_2.Reuse two blocks reverse" time elapsed: 00:00:00
----------------------------------------------------------

15/26 Testing: malloc_2.Reuse two blocks both
15/26 Test: malloc_2.Reuse two blocks both
Command: "/home/rotem/os/os-hw4/build/tests/malloc_2_test" "Reuse two blocks both"
Directory: /home/rotem/os/os-hw4/build/tests
"malloc_2.Reuse two blocks both" start time: Jan 16 16:15 IST
Output:
----------------------------------------------------------
Filters: Reuse two blocks both
Randomness seeded to: 2131235249
===============================================================================
All tests passed (46 assertions in 1 test case)

<end of output>
Test time =   0.00 sec
----------------------------------------------------------
Test Passed.
"malloc_2.Reuse two blocks both" end time: Jan 16 16:15 IST
"malloc_2.Reuse two blocks both" time elapsed: 00:00:00
----------------------------------------------------------

16/26 Testing: malloc_2.Reuse two blocks sizes small
16/26 Test: malloc_2.Reuse two blocks sizes small
Command: "/home/rotem/os/os-hw4/build/tests/malloc_2_test" "Reuse two blocks sizes small"
Directory: /home/rotem/os/os-hw4/build/tests
"malloc_2.Reuse two blocks sizes small" start time: Jan 16 16:15 IST
Output:
----------------------------------------------------------
Filters: Reuse two blocks sizes small
Randomness seeded to: 2013349880
===============================================================================
All tests passed (46 assertions in 1 test case)

<end of output>
Test time =   0.01 sec
----------------------------------------------------------
Test Passed.
"malloc_2.Reuse two blocks sizes small" end time: Jan 16 16:15 IST
"malloc_2.Reuse two blocks sizes small" time elapsed: 00:00:00
----------------------------------------------------------

17/26 Testing: malloc_2.Reuse two blocks sizes large
17/26 Test: malloc_2.Reuse two blocks sizes large
Command: "/home/rotem/os/os-hw4/build/tests/malloc_2_test" "Reuse two blocks sizes large"
Directory: /home/rotem/os/os-hw4/build/tests
"malloc_2.Reuse two blocks sizes large" start time: Jan 16 16:15 IST
Output:
----------------------------------------------------------
Filters: Reuse two blocks sizes large
Randomness seeded to: 381614053
===============================================================================
All tests passed (46 assertions in 1 test case)

<end of output>
Test time =   0.00 sec
----------------------------------------------------------
Test Passed.
"malloc_2.Reuse two blocks sizes large" end time: Jan 16 16:15 IST
"malloc_2.Reuse two blocks sizes large" time elapsed: 00:00:00
----------------------------------------------------------

18/26 Testing: malloc_2.scalloc
18/26 Test: malloc_2.scalloc
Command: "/home/rotem/os/os-hw4/build/tests/malloc_2_test" "scalloc"
Directory: /home/rotem/os/os-hw4/build/tests
"malloc_2.scalloc" start time: Jan 16 16:15 IST
Output:
----------------------------------------------------------
Filters: scalloc
Randomness seeded to: 3522590212
===============================================================================
All tests passed (51 assertions in 1 test case)

<end of output>
Test time =   0.00 sec
----------------------------------------------------------
Test Passed.
"malloc_2.scalloc" end time: Jan 16 16:15 IST
"malloc_2.scalloc" time elapsed: 00:00:00
----------------------------------------------------------

19/26 Testing: malloc_2.scalloc taint
19/26 Test: malloc_2.scalloc taint
Command: "/home/rotem/os/os-hw4/build/tests/malloc_2_test" "scalloc taint"
Directory: /home/rotem/os/os-hw4/build/tests
"malloc_2.scalloc taint" start time: Jan 16 16:15 IST
Output:
----------------------------------------------------------
Filters: scalloc taint
Randomness seeded to: 1694762758
===============================================================================
All tests passed (232 assertions in 1 test case)

<end of output>
Test time =   0.00 sec
----------------------------------------------------------
Test Passed.
"malloc_2.scalloc taint" end time: Jan 16 16:15 IST
"malloc_2.scalloc taint" time elapsed: 00:00:00
----------------------------------------------------------

20/26 Testing: malloc_2.scalloc 0 size
20/26 Test: malloc_2.scalloc 0 size
Command: "/home/rotem/os/os-hw4/build/tests/malloc_2_test" "scalloc 0 size"
Directory: /home/rotem/os/os-hw4/build/tests
"malloc_2.scalloc 0 size" start time: Jan 16 16:15 IST
Output:
----------------------------------------------------------
Filters: scalloc 0 size
Randomness seeded to: 1869833672
===============================================================================
All tests passed (21 assertions in 1 test case)

<end of output>
Test time =   0.00 sec
----------------------------------------------------------
Test Passed.
"malloc_2.scalloc 0 size" end time: Jan 16 16:15 IST
"malloc_2.scalloc 0 size" time elapsed: 00:00:00
----------------------------------------------------------

21/26 Testing: malloc_2.scalloc Max size num
21/26 Test: malloc_2.scalloc Max size num
Command: "/home/rotem/os/os-hw4/build/tests/malloc_2_test" "scalloc Max size num"
Directory: /home/rotem/os/os-hw4/build/tests
"malloc_2.scalloc Max size num" start time: Jan 16 16:15 IST
Output:
----------------------------------------------------------
Filters: scalloc Max size num
Randomness seeded to: 3873150580
===============================================================================
All tests passed (27 assertions in 1 test case)

<end of output>
Test time =   0.06 sec
----------------------------------------------------------
Test Passed.
"malloc_2.scalloc Max size num" end time: Jan 16 16:15 IST
"malloc_2.scalloc Max size num" time elapsed: 00:00:00
----------------------------------------------------------

22/26 Testing: malloc_2.scalloc Max size size
22/26 Test: malloc_2.scalloc Max size size
Command: "/home/rotem/os/os-hw4/build/tests/malloc_2_test" "scalloc Max size size"
Directory: /home/rotem/os/os-hw4/build/tests
"malloc_2.scalloc Max size size" start time: Jan 16 16:15 IST
Output:
----------------------------------------------------------
Filters: scalloc Max size size
Randomness seeded to: 746154494
===============================================================================
All tests passed (27 assertions in 1 test case)

<end of output>
Test time =   0.05 sec
----------------------------------------------------------
Test Passed.
"malloc_2.scalloc Max size size" end time: Jan 16 16:15 IST
"malloc_2.scalloc Max size size" time elapsed: 00:00:00
----------------------------------------------------------

23/26 Testing: malloc_2.scalloc Max size both
23/26 Test: malloc_2.scalloc Max size both
Command: "/home/rotem/os/os-hw4/build/tests/malloc_2_test" "scalloc Max size both"
Directory: /home/rotem/os/os-hw4/build/tests
"malloc_2.scalloc Max size both" start time: Jan 16 16:15 IST
Output:
----------------------------------------------------------
Filters: scalloc Max size both
Randomness seeded to: 1599490046
===============================================================================
All tests passed (35 assertions in 1 test case)

<end of output>
Test time =   0.05 sec
----------------------------------------------------------
Test Passed.
"malloc_2.scalloc Max size both" end time: Jan 16 16:15 IST
"malloc_2.scalloc Max size both" time elapsed: 00:00:00
----------------------------------------------------------

24/26 Testing: malloc_2.realloc
24/26 Test: malloc_2.realloc
Command: "/home/rotem/os/os-hw4/build/tests/malloc_2_test" "realloc"
Directory: /home/rotem/os/os-hw4/build/tests
"malloc_2.realloc" start time: Jan 16 16:15 IST
Output:
----------------------------------------------------------
Filters: realloc
Randomness seeded to: 2183387977
===============================================================================
All tests passed (36 assertions in 1 test case)

<end of output>
Test time =   0.00 sec
----------------------------------------------------------
Test Passed.
"malloc_2.realloc" end time: Jan 16 16:15 IST
"malloc_2.realloc" time elapsed: 00:00:00
----------------------------------------------------------

25/26 Testing: malloc_2.realloc shrink
25/26 Test: malloc_2.realloc shrink
Command: "/home/rotem/os/os-hw4/build/tests/malloc_2_test" "realloc shrink"
Directory: /home/rotem/os/os-hw4/build/tests
"malloc_2.realloc shrink" start time: Jan 16 16:15 IST
Output:
----------------------------------------------------------
Filters: realloc shrink
Randomness seeded to: 323751174
===============================================================================
All tests passed (36 assertions in 1 test case)

<end of output>
Test time =   0.01 sec
----------------------------------------------------------
Test Passed.
"malloc_2.realloc shrink" end time: Jan 16 16:15 IST
"malloc_2.realloc shrink" time elapsed: 00:00:00
----------------------------------------------------------

26/26 Testing: malloc_2.srealloc Max size
26/26 Test: malloc_2.srealloc Max size
Command: "/home/rotem/os/os-hw4/build/tests/malloc_2_test" "srealloc Max size"
Directory: /home/rotem/os/os-hw4/build/tests
"malloc_2.srealloc Max size" start time: Jan 16 16:15 IST
Output:
----------------------------------------------------------
Filters: srealloc Max size
Randomness seeded to: 335971538
===============================================================================
All tests passed (35 assertions in 1 test case)

<end of output>
Test time =   0.00 sec
----------------------------------------------------------
Test Passed.
"malloc_2.srealloc Max size" end time: Jan 16 16:15 IST
"malloc_2.srealloc Max size" time elapsed: 00:00:00
----------------------------------------------------------

End testing: Jan 16 16:15 IST
