Start testing: Jan 25 21:59 IST
----------------------------------------------------------
1/151 Testing: malloc_1.Sanity
1/151 Test: malloc_1.Sanity
Command: "/home/rotem/os/os-hw4/build/tests/malloc_1_test" "Sanity"
Directory: /home/rotem/os/os-hw4/build/tests
"malloc_1.Sanity" start time: Jan 25 21:59 IST
Output:
----------------------------------------------------------
Filters: Sanity
Randomness seeded to: 1482568407
===============================================================================
All tests passed (2 assertions in 1 test case)

<end of output>
Test time =   0.03 sec
----------------------------------------------------------
Test Passed.
"malloc_1.Sanity" end time: Jan 25 21:59 IST
"malloc_1.Sanity" time elapsed: 00:00:00
----------------------------------------------------------

2/151 Testing: malloc_1.Check size
2/151 Test: malloc_1.Check size
Command: "/home/rotem/os/os-hw4/build/tests/malloc_1_test" "Check size"
Directory: /home/rotem/os/os-hw4/build/tests
"malloc_1.Check size" start time: Jan 25 21:59 IST
Output:
----------------------------------------------------------
Filters: Check size
Randomness seeded to: 744948661
===============================================================================
All tests passed (6 assertions in 1 test case)

<end of output>
Test time =   0.01 sec
----------------------------------------------------------
Test Passed.
"malloc_1.Check size" end time: Jan 25 21:59 IST
"malloc_1.Check size" time elapsed: 00:00:00
----------------------------------------------------------

3/151 Testing: malloc_1.0 size
3/151 Test: malloc_1.0 size
Command: "/home/rotem/os/os-hw4/build/tests/malloc_1_test" "0 size"
Directory: /home/rotem/os/os-hw4/build/tests
"malloc_1.0 size" start time: Jan 25 21:59 IST
Output:
----------------------------------------------------------
Filters: 0 size
Randomness seeded to: 1357408463
===============================================================================
All tests passed (2 assertions in 1 test case)

<end of output>
Test time =   0.01 sec
----------------------------------------------------------
Test Passed.
"malloc_1.0 size" end time: Jan 25 21:59 IST
"malloc_1.0 size" time elapsed: 00:00:00
----------------------------------------------------------

4/151 Testing: malloc_1.Max size
4/151 Test: malloc_1.Max size
Command: "/home/rotem/os/os-hw4/build/tests/malloc_1_test" "Max size"
Directory: /home/rotem/os/os-hw4/build/tests
"malloc_1.Max size" start time: Jan 25 21:59 IST
Output:
----------------------------------------------------------
Filters: Max size
Randomness seeded to: 4018333689
===============================================================================
All tests passed (4 assertions in 1 test case)

<end of output>
Test time =   0.01 sec
----------------------------------------------------------
Test Passed.
"malloc_1.Max size" end time: Jan 25 21:59 IST
"malloc_1.Max size" time elapsed: 00:00:00
----------------------------------------------------------

5/151 Testing: malloc_2.Sanity
5/151 Test: malloc_2.Sanity
Command: "/home/rotem/os/os-hw4/build/tests/malloc_2_test" "Sanity"
Directory: /home/rotem/os/os-hw4/build/tests
"malloc_2.Sanity" start time: Jan 25 21:59 IST
Output:
----------------------------------------------------------
Filters: Sanity
Randomness seeded to: 936955488
===============================================================================
All tests passed (19 assertions in 1 test case)

<end of output>
Test time =   0.03 sec
----------------------------------------------------------
Test Passed.
"malloc_2.Sanity" end time: Jan 25 21:59 IST
"malloc_2.Sanity" time elapsed: 00:00:00
----------------------------------------------------------

6/151 Testing: malloc_2.Check size
6/151 Test: malloc_2.Check size
Command: "/home/rotem/os/os-hw4/build/tests/malloc_2_test" "Check size"
Directory: /home/rotem/os/os-hw4/build/tests
"malloc_2.Check size" start time: Jan 25 21:59 IST
Output:
----------------------------------------------------------
Filters: Check size
Randomness seeded to: 4597893
===============================================================================
All tests passed (33 assertions in 1 test case)

<end of output>
Test time =   0.01 sec
----------------------------------------------------------
Test Passed.
"malloc_2.Check size" end time: Jan 25 21:59 IST
"malloc_2.Check size" time elapsed: 00:00:00
----------------------------------------------------------

7/151 Testing: malloc_2.0 size
7/151 Test: malloc_2.0 size
Command: "/home/rotem/os/os-hw4/build/tests/malloc_2_test" "0 size"
Directory: /home/rotem/os/os-hw4/build/tests
"malloc_2.0 size" start time: Jan 25 21:59 IST
Output:
----------------------------------------------------------
Filters: 0 size
Randomness seeded to: 1089755836
===============================================================================
All tests passed (13 assertions in 1 test case)

<end of output>
Test time =   0.01 sec
----------------------------------------------------------
Test Passed.
"malloc_2.0 size" end time: Jan 25 21:59 IST
"malloc_2.0 size" time elapsed: 00:00:00
----------------------------------------------------------

8/151 Testing: malloc_2.Max size
8/151 Test: malloc_2.Max size
Command: "/home/rotem/os/os-hw4/build/tests/malloc_2_test" "Max size"
Directory: /home/rotem/os/os-hw4/build/tests
"malloc_2.Max size" start time: Jan 25 21:59 IST
Output:
----------------------------------------------------------
Filters: Max size
Randomness seeded to: 1315312139
===============================================================================
All tests passed (27 assertions in 1 test case)

<end of output>
Test time =   0.01 sec
----------------------------------------------------------
Test Passed.
"malloc_2.Max size" end time: Jan 25 21:59 IST
"malloc_2.Max size" time elapsed: 00:00:00
----------------------------------------------------------

9/151 Testing: malloc_2.free
9/151 Test: malloc_2.free
Command: "/home/rotem/os/os-hw4/build/tests/malloc_2_test" "free"
Directory: /home/rotem/os/os-hw4/build/tests
"malloc_2.free" start time: Jan 25 21:59 IST
Output:
----------------------------------------------------------
Filters: free
Randomness seeded to: 116228778
===============================================================================
All tests passed (59 assertions in 1 test case)

<end of output>
Test time =   0.01 sec
----------------------------------------------------------
Test Passed.
"malloc_2.free" end time: Jan 25 21:59 IST
"malloc_2.free" time elapsed: 00:00:00
----------------------------------------------------------

10/151 Testing: malloc_2.free 2
10/151 Test: malloc_2.free 2
Command: "/home/rotem/os/os-hw4/build/tests/malloc_2_test" "free 2"
Directory: /home/rotem/os/os-hw4/build/tests
"malloc_2.free 2" start time: Jan 25 21:59 IST
Output:
----------------------------------------------------------
Filters: free 2
Randomness seeded to: 473421787
===============================================================================
All tests passed (59 assertions in 1 test case)

<end of output>
Test time =   0.01 sec
----------------------------------------------------------
Test Passed.
"malloc_2.free 2" end time: Jan 25 21:59 IST
"malloc_2.free 2" time elapsed: 00:00:00
----------------------------------------------------------

11/151 Testing: malloc_2.free 3
11/151 Test: malloc_2.free 3
Command: "/home/rotem/os/os-hw4/build/tests/malloc_2_test" "free 3"
Directory: /home/rotem/os/os-hw4/build/tests
"malloc_2.free 3" start time: Jan 25 21:59 IST
Output:
----------------------------------------------------------
Filters: free 3
Randomness seeded to: 698348312
===============================================================================
All tests passed (59 assertions in 1 test case)

<end of output>
Test time =   0.01 sec
----------------------------------------------------------
Test Passed.
"malloc_2.free 3" end time: Jan 25 21:59 IST
"malloc_2.free 3" time elapsed: 00:00:00
----------------------------------------------------------

12/151 Testing: malloc_2.Reuse
12/151 Test: malloc_2.Reuse
Command: "/home/rotem/os/os-hw4/build/tests/malloc_2_test" "Reuse"
Directory: /home/rotem/os/os-hw4/build/tests
"malloc_2.Reuse" start time: Jan 25 21:59 IST
Output:
----------------------------------------------------------
Filters: Reuse
Randomness seeded to: 2077422706
===============================================================================
All tests passed (32 assertions in 1 test case)

<end of output>
Test time =   0.01 sec
----------------------------------------------------------
Test Passed.
"malloc_2.Reuse" end time: Jan 25 21:59 IST
"malloc_2.Reuse" time elapsed: 00:00:00
----------------------------------------------------------

13/151 Testing: malloc_2.Reuse two blocks
13/151 Test: malloc_2.Reuse two blocks
Command: "/home/rotem/os/os-hw4/build/tests/malloc_2_test" "Reuse two blocks"
Directory: /home/rotem/os/os-hw4/build/tests
"malloc_2.Reuse two blocks" start time: Jan 25 21:59 IST
Output:
----------------------------------------------------------
Filters: Reuse two blocks
Randomness seeded to: 2211360570
===============================================================================
All tests passed (46 assertions in 1 test case)

<end of output>
Test time =   0.01 sec
----------------------------------------------------------
Test Passed.
"malloc_2.Reuse two blocks" end time: Jan 25 21:59 IST
"malloc_2.Reuse two blocks" time elapsed: 00:00:00
----------------------------------------------------------

14/151 Testing: malloc_2.Reuse two blocks reverse
14/151 Test: malloc_2.Reuse two blocks reverse
Command: "/home/rotem/os/os-hw4/build/tests/malloc_2_test" "Reuse two blocks reverse"
Directory: /home/rotem/os/os-hw4/build/tests
"malloc_2.Reuse two blocks reverse" start time: Jan 25 21:59 IST
Output:
----------------------------------------------------------
Filters: Reuse two blocks reverse
Randomness seeded to: 4210569099
===============================================================================
All tests passed (46 assertions in 1 test case)

<end of output>
Test time =   0.01 sec
----------------------------------------------------------
Test Passed.
"malloc_2.Reuse two blocks reverse" end time: Jan 25 21:59 IST
"malloc_2.Reuse two blocks reverse" time elapsed: 00:00:00
----------------------------------------------------------

15/151 Testing: malloc_2.Reuse two blocks both
15/151 Test: malloc_2.Reuse two blocks both
Command: "/home/rotem/os/os-hw4/build/tests/malloc_2_test" "Reuse two blocks both"
Directory: /home/rotem/os/os-hw4/build/tests
"malloc_2.Reuse two blocks both" start time: Jan 25 21:59 IST
Output:
----------------------------------------------------------
Filters: Reuse two blocks both
Randomness seeded to: 1261890288
===============================================================================
All tests passed (46 assertions in 1 test case)

<end of output>
Test time =   0.01 sec
----------------------------------------------------------
Test Passed.
"malloc_2.Reuse two blocks both" end time: Jan 25 21:59 IST
"malloc_2.Reuse two blocks both" time elapsed: 00:00:00
----------------------------------------------------------

16/151 Testing: malloc_2.Reuse two blocks sizes small
16/151 Test: malloc_2.Reuse two blocks sizes small
Command: "/home/rotem/os/os-hw4/build/tests/malloc_2_test" "Reuse two blocks sizes small"
Directory: /home/rotem/os/os-hw4/build/tests
"malloc_2.Reuse two blocks sizes small" start time: Jan 25 21:59 IST
Output:
----------------------------------------------------------
Filters: Reuse two blocks sizes small
Randomness seeded to: 4188458336
===============================================================================
All tests passed (46 assertions in 1 test case)

<end of output>
Test time =   0.01 sec
----------------------------------------------------------
Test Passed.
"malloc_2.Reuse two blocks sizes small" end time: Jan 25 21:59 IST
"malloc_2.Reuse two blocks sizes small" time elapsed: 00:00:00
----------------------------------------------------------

17/151 Testing: malloc_2.Reuse two blocks sizes large
17/151 Test: malloc_2.Reuse two blocks sizes large
Command: "/home/rotem/os/os-hw4/build/tests/malloc_2_test" "Reuse two blocks sizes large"
Directory: /home/rotem/os/os-hw4/build/tests
"malloc_2.Reuse two blocks sizes large" start time: Jan 25 21:59 IST
Output:
----------------------------------------------------------
Filters: Reuse two blocks sizes large
Randomness seeded to: 654358585
===============================================================================
All tests passed (46 assertions in 1 test case)

<end of output>
Test time =   0.01 sec
----------------------------------------------------------
Test Passed.
"malloc_2.Reuse two blocks sizes large" end time: Jan 25 21:59 IST
"malloc_2.Reuse two blocks sizes large" time elapsed: 00:00:00
----------------------------------------------------------

18/151 Testing: malloc_2.scalloc
18/151 Test: malloc_2.scalloc
Command: "/home/rotem/os/os-hw4/build/tests/malloc_2_test" "scalloc"
Directory: /home/rotem/os/os-hw4/build/tests
"malloc_2.scalloc" start time: Jan 25 21:59 IST
Output:
----------------------------------------------------------
Filters: scalloc
Randomness seeded to: 1045611577
===============================================================================
All tests passed (51 assertions in 1 test case)

<end of output>
Test time =   0.02 sec
----------------------------------------------------------
Test Passed.
"malloc_2.scalloc" end time: Jan 25 21:59 IST
"malloc_2.scalloc" time elapsed: 00:00:00
----------------------------------------------------------

19/151 Testing: malloc_2.scalloc taint
19/151 Test: malloc_2.scalloc taint
Command: "/home/rotem/os/os-hw4/build/tests/malloc_2_test" "scalloc taint"
Directory: /home/rotem/os/os-hw4/build/tests
"malloc_2.scalloc taint" start time: Jan 25 21:59 IST
Output:
----------------------------------------------------------
Filters: scalloc taint
Randomness seeded to: 3838861516
===============================================================================
All tests passed (232 assertions in 1 test case)

<end of output>
Test time =   0.01 sec
----------------------------------------------------------
Test Passed.
"malloc_2.scalloc taint" end time: Jan 25 21:59 IST
"malloc_2.scalloc taint" time elapsed: 00:00:00
----------------------------------------------------------

20/151 Testing: malloc_2.scalloc 0 size
20/151 Test: malloc_2.scalloc 0 size
Command: "/home/rotem/os/os-hw4/build/tests/malloc_2_test" "scalloc 0 size"
Directory: /home/rotem/os/os-hw4/build/tests
"malloc_2.scalloc 0 size" start time: Jan 25 21:59 IST
Output:
----------------------------------------------------------
Filters: scalloc 0 size
Randomness seeded to: 2255433670
===============================================================================
All tests passed (21 assertions in 1 test case)

<end of output>
Test time =   0.01 sec
----------------------------------------------------------
Test Passed.
"malloc_2.scalloc 0 size" end time: Jan 25 21:59 IST
"malloc_2.scalloc 0 size" time elapsed: 00:00:00
----------------------------------------------------------

21/151 Testing: malloc_2.scalloc Max size num
21/151 Test: malloc_2.scalloc Max size num
Command: "/home/rotem/os/os-hw4/build/tests/malloc_2_test" "scalloc Max size num"
Directory: /home/rotem/os/os-hw4/build/tests
"malloc_2.scalloc Max size num" start time: Jan 25 21:59 IST
Output:
----------------------------------------------------------
Filters: scalloc Max size num
Randomness seeded to: 1936618278
===============================================================================
All tests passed (27 assertions in 1 test case)

<end of output>
Test time =   0.27 sec
----------------------------------------------------------
Test Passed.
"malloc_2.scalloc Max size num" end time: Jan 25 21:59 IST
"malloc_2.scalloc Max size num" time elapsed: 00:00:00
----------------------------------------------------------

22/151 Testing: malloc_2.scalloc Max size size
22/151 Test: malloc_2.scalloc Max size size
Command: "/home/rotem/os/os-hw4/build/tests/malloc_2_test" "scalloc Max size size"
Directory: /home/rotem/os/os-hw4/build/tests
"malloc_2.scalloc Max size size" start time: Jan 25 21:59 IST
Output:
----------------------------------------------------------
Filters: scalloc Max size size
Randomness seeded to: 140822732
===============================================================================
All tests passed (27 assertions in 1 test case)

<end of output>
Test time =   0.11 sec
----------------------------------------------------------
Test Passed.
"malloc_2.scalloc Max size size" end time: Jan 25 21:59 IST
"malloc_2.scalloc Max size size" time elapsed: 00:00:00
----------------------------------------------------------

23/151 Testing: malloc_2.scalloc Max size both
23/151 Test: malloc_2.scalloc Max size both
Command: "/home/rotem/os/os-hw4/build/tests/malloc_2_test" "scalloc Max size both"
Directory: /home/rotem/os/os-hw4/build/tests
"malloc_2.scalloc Max size both" start time: Jan 25 21:59 IST
Output:
----------------------------------------------------------
Filters: scalloc Max size both
Randomness seeded to: 121611174
===============================================================================
All tests passed (35 assertions in 1 test case)

<end of output>
Test time =   0.12 sec
----------------------------------------------------------
Test Passed.
"malloc_2.scalloc Max size both" end time: Jan 25 21:59 IST
"malloc_2.scalloc Max size both" time elapsed: 00:00:00
----------------------------------------------------------

24/151 Testing: malloc_2.realloc
24/151 Test: malloc_2.realloc
Command: "/home/rotem/os/os-hw4/build/tests/malloc_2_test" "realloc"
Directory: /home/rotem/os/os-hw4/build/tests
"malloc_2.realloc" start time: Jan 25 21:59 IST
Output:
----------------------------------------------------------
Filters: realloc
Randomness seeded to: 1196024184
===============================================================================
All tests passed (36 assertions in 1 test case)

<end of output>
Test time =   0.01 sec
----------------------------------------------------------
Test Passed.
"malloc_2.realloc" end time: Jan 25 21:59 IST
"malloc_2.realloc" time elapsed: 00:00:00
----------------------------------------------------------

25/151 Testing: malloc_2.realloc shrink
25/151 Test: malloc_2.realloc shrink
Command: "/home/rotem/os/os-hw4/build/tests/malloc_2_test" "realloc shrink"
Directory: /home/rotem/os/os-hw4/build/tests
"malloc_2.realloc shrink" start time: Jan 25 21:59 IST
Output:
----------------------------------------------------------
Filters: realloc shrink
Randomness seeded to: 337624479
===============================================================================
All tests passed (36 assertions in 1 test case)

<end of output>
Test time =   0.01 sec
----------------------------------------------------------
Test Passed.
"malloc_2.realloc shrink" end time: Jan 25 21:59 IST
"malloc_2.realloc shrink" time elapsed: 00:00:00
----------------------------------------------------------

26/151 Testing: malloc_2.srealloc Max size
26/151 Test: malloc_2.srealloc Max size
Command: "/home/rotem/os/os-hw4/build/tests/malloc_2_test" "srealloc Max size"
Directory: /home/rotem/os/os-hw4/build/tests
"malloc_2.srealloc Max size" start time: Jan 25 21:59 IST
Output:
----------------------------------------------------------
Filters: srealloc Max size
Randomness seeded to: 3058787939
===============================================================================
All tests passed (35 assertions in 1 test case)

<end of output>
Test time =   0.01 sec
----------------------------------------------------------
Test Passed.
"malloc_2.srealloc Max size" end time: Jan 25 21:59 IST
"malloc_2.srealloc Max size" time elapsed: 00:00:00
----------------------------------------------------------

27/151 Testing: malloc_3.Sanity
27/151 Test: malloc_3.Sanity
Command: "/home/rotem/os/os-hw4/build/tests/malloc_3_test" "Sanity"
Directory: /home/rotem/os/os-hw4/build/tests
"malloc_3.Sanity" start time: Jan 25 21:59 IST
Output:
----------------------------------------------------------
Filters: Sanity
Randomness seeded to: 1595832135
===============================================================================
All tests passed (18 assertions in 1 test case)

<end of output>
Test time =   0.02 sec
----------------------------------------------------------
Test Passed.
"malloc_3.Sanity" end time: Jan 25 21:59 IST
"malloc_3.Sanity" time elapsed: 00:00:00
----------------------------------------------------------

28/151 Testing: malloc_3.Check size
28/151 Test: malloc_3.Check size
Command: "/home/rotem/os/os-hw4/build/tests/malloc_3_test" "Check size"
Directory: /home/rotem/os/os-hw4/build/tests
"malloc_3.Check size" start time: Jan 25 21:59 IST
Output:
----------------------------------------------------------
Filters: Check size
Randomness seeded to: 1350628325
===============================================================================
All tests passed (33 assertions in 1 test case)

<end of output>
Test time =   0.01 sec
----------------------------------------------------------
Test Passed.
"malloc_3.Check size" end time: Jan 25 21:59 IST
"malloc_3.Check size" time elapsed: 00:00:00
----------------------------------------------------------

29/151 Testing: malloc_3.0 size
29/151 Test: malloc_3.0 size
Command: "/home/rotem/os/os-hw4/build/tests/malloc_3_test" "0 size"
Directory: /home/rotem/os/os-hw4/build/tests
"malloc_3.0 size" start time: Jan 25 21:59 IST
Output:
----------------------------------------------------------
Filters: 0 size
Randomness seeded to: 4267088534
===============================================================================
All tests passed (13 assertions in 1 test case)

<end of output>
Test time =   0.01 sec
----------------------------------------------------------
Test Passed.
"malloc_3.0 size" end time: Jan 25 21:59 IST
"malloc_3.0 size" time elapsed: 00:00:00
----------------------------------------------------------

30/151 Testing: malloc_3.Max size
30/151 Test: malloc_3.Max size
Command: "/home/rotem/os/os-hw4/build/tests/malloc_3_test" "Max size"
Directory: /home/rotem/os/os-hw4/build/tests
"malloc_3.Max size" start time: Jan 25 21:59 IST
Output:
----------------------------------------------------------
Filters: Max size
Randomness seeded to: 4186913615
===============================================================================
All tests passed (26 assertions in 1 test case)

<end of output>
Test time =   0.01 sec
----------------------------------------------------------
Test Passed.
"malloc_3.Max size" end time: Jan 25 21:59 IST
"malloc_3.Max size" time elapsed: 00:00:00
----------------------------------------------------------

31/151 Testing: malloc_3.free
31/151 Test: malloc_3.free
Command: "/home/rotem/os/os-hw4/build/tests/malloc_3_test" "free"
Directory: /home/rotem/os/os-hw4/build/tests
"malloc_3.free" start time: Jan 25 21:59 IST
Output:
----------------------------------------------------------
Filters: free
Randomness seeded to: 703511635
===============================================================================
All tests passed (59 assertions in 1 test case)

<end of output>
Test time =   0.01 sec
----------------------------------------------------------
Test Passed.
"malloc_3.free" end time: Jan 25 21:59 IST
"malloc_3.free" time elapsed: 00:00:00
----------------------------------------------------------

32/151 Testing: malloc_3.free 2
32/151 Test: malloc_3.free 2
Command: "/home/rotem/os/os-hw4/build/tests/malloc_3_test" "free 2"
Directory: /home/rotem/os/os-hw4/build/tests
"malloc_3.free 2" start time: Jan 25 21:59 IST
Output:
----------------------------------------------------------
Filters: free 2
Randomness seeded to: 2762829930
===============================================================================
All tests passed (59 assertions in 1 test case)

<end of output>
Test time =   0.01 sec
----------------------------------------------------------
Test Passed.
"malloc_3.free 2" end time: Jan 25 21:59 IST
"malloc_3.free 2" time elapsed: 00:00:00
----------------------------------------------------------

33/151 Testing: malloc_3.free 3
33/151 Test: malloc_3.free 3
Command: "/home/rotem/os/os-hw4/build/tests/malloc_3_test" "free 3"
Directory: /home/rotem/os/os-hw4/build/tests
"malloc_3.free 3" start time: Jan 25 21:59 IST
Output:
----------------------------------------------------------
Filters: free 3
Randomness seeded to: 2596931142
===============================================================================
All tests passed (59 assertions in 1 test case)

<end of output>
Test time =   0.01 sec
----------------------------------------------------------
Test Passed.
"malloc_3.free 3" end time: Jan 25 21:59 IST
"malloc_3.free 3" time elapsed: 00:00:00
----------------------------------------------------------

34/151 Testing: malloc_3.free holes 1
34/151 Test: malloc_3.free holes 1
Command: "/home/rotem/os/os-hw4/build/tests/malloc_3_test" "free holes 1"
Directory: /home/rotem/os/os-hw4/build/tests
"malloc_3.free holes 1" start time: Jan 25 21:59 IST
Output:
----------------------------------------------------------
Filters: free holes 1
Randomness seeded to: 210505906
===============================================================================
All tests passed (73 assertions in 1 test case)

<end of output>
Test time =   0.01 sec
----------------------------------------------------------
Test Passed.
"malloc_3.free holes 1" end time: Jan 25 21:59 IST
"malloc_3.free holes 1" time elapsed: 00:00:00
----------------------------------------------------------

35/151 Testing: malloc_3.free holes 2
35/151 Test: malloc_3.free holes 2
Command: "/home/rotem/os/os-hw4/build/tests/malloc_3_test" "free holes 2"
Directory: /home/rotem/os/os-hw4/build/tests
"malloc_3.free holes 2" start time: Jan 25 21:59 IST
Output:
----------------------------------------------------------
Filters: free holes 2
Randomness seeded to: 211330155
===============================================================================
All tests passed (73 assertions in 1 test case)

<end of output>
Test time =   0.01 sec
----------------------------------------------------------
Test Passed.
"malloc_3.free holes 2" end time: Jan 25 21:59 IST
"malloc_3.free holes 2" time elapsed: 00:00:00
----------------------------------------------------------

36/151 Testing: malloc_3.free holes 3
36/151 Test: malloc_3.free holes 3
Command: "/home/rotem/os/os-hw4/build/tests/malloc_3_test" "free holes 3"
Directory: /home/rotem/os/os-hw4/build/tests
"malloc_3.free holes 3" start time: Jan 25 21:59 IST
Output:
----------------------------------------------------------
Filters: free holes 3
Randomness seeded to: 3407749699
===============================================================================
All tests passed (73 assertions in 1 test case)

<end of output>
Test time =   0.01 sec
----------------------------------------------------------
Test Passed.
"malloc_3.free holes 3" end time: Jan 25 21:59 IST
"malloc_3.free holes 3" time elapsed: 00:00:00
----------------------------------------------------------

37/151 Testing: malloc_3.Wilderness available
37/151 Test: malloc_3.Wilderness available
Command: "/home/rotem/os/os-hw4/build/tests/malloc_3_test" "Wilderness available"
Directory: /home/rotem/os/os-hw4/build/tests
"malloc_3.Wilderness available" start time: Jan 25 21:59 IST
Output:
----------------------------------------------------------
Filters: Wilderness available
Randomness seeded to: 1060940001
===============================================================================
All tests passed (46 assertions in 1 test case)

<end of output>
Test time =   0.01 sec
----------------------------------------------------------
Test Passed.
"malloc_3.Wilderness available" end time: Jan 25 21:59 IST
"malloc_3.Wilderness available" time elapsed: 00:00:00
----------------------------------------------------------

38/151 Testing: malloc_3.Wilderness available pad
38/151 Test: malloc_3.Wilderness available pad
Command: "/home/rotem/os/os-hw4/build/tests/malloc_3_test" "Wilderness available pad"
Directory: /home/rotem/os/os-hw4/build/tests
"malloc_3.Wilderness available pad" start time: Jan 25 21:59 IST
Output:
----------------------------------------------------------
Filters: Wilderness available pad
Randomness seeded to: 1462210631
===============================================================================
All tests passed (59 assertions in 1 test case)

<end of output>
Test time =   0.01 sec
----------------------------------------------------------
Test Passed.
"malloc_3.Wilderness available pad" end time: Jan 25 21:59 IST
"malloc_3.Wilderness available pad" time elapsed: 00:00:00
----------------------------------------------------------

39/151 Testing: malloc_3.Large allocation
39/151 Test: malloc_3.Large allocation
Command: "/home/rotem/os/os-hw4/build/tests/malloc_3_test" "Large allocation"
Directory: /home/rotem/os/os-hw4/build/tests
"malloc_3.Large allocation" start time: Jan 25 21:59 IST
Output:
----------------------------------------------------------
Filters: Large allocation
Randomness seeded to: 704851407
===============================================================================
All tests passed (32 assertions in 1 test case)

<end of output>
Test time =   0.01 sec
----------------------------------------------------------
Test Passed.
"malloc_3.Large allocation" end time: Jan 25 21:59 IST
"malloc_3.Large allocation" time elapsed: 00:00:00
----------------------------------------------------------

40/151 Testing: malloc_3.Large unaligned allocation
40/151 Test: malloc_3.Large unaligned allocation
Command: "/home/rotem/os/os-hw4/build/tests/malloc_3_test" "Large unaligned allocation"
Directory: /home/rotem/os/os-hw4/build/tests
"malloc_3.Large unaligned allocation" start time: Jan 25 21:59 IST
Output:
----------------------------------------------------------
Filters: Large unaligned allocation
Randomness seeded to: 2628659903
===============================================================================
All tests passed (19 assertions in 1 test case)

<end of output>
Test time =   0.01 sec
----------------------------------------------------------
Test Passed.
"malloc_3.Large unaligned allocation" end time: Jan 25 21:59 IST
"malloc_3.Large unaligned allocation" time elapsed: 00:00:00
----------------------------------------------------------

41/151 Testing: malloc_3.Reuse
41/151 Test: malloc_3.Reuse
Command: "/home/rotem/os/os-hw4/build/tests/malloc_3_test" "Reuse"
Directory: /home/rotem/os/os-hw4/build/tests
"malloc_3.Reuse" start time: Jan 25 21:59 IST
Output:
----------------------------------------------------------
Filters: Reuse
Randomness seeded to: 3667852335
===============================================================================
All tests passed (32 assertions in 1 test case)

<end of output>
Test time =   0.01 sec
----------------------------------------------------------
Test Passed.
"malloc_3.Reuse" end time: Jan 25 21:59 IST
"malloc_3.Reuse" time elapsed: 00:00:00
----------------------------------------------------------

42/151 Testing: malloc_3.Reuse two blocks
42/151 Test: malloc_3.Reuse two blocks
Command: "/home/rotem/os/os-hw4/build/tests/malloc_3_test" "Reuse two blocks"
Directory: /home/rotem/os/os-hw4/build/tests
"malloc_3.Reuse two blocks" start time: Jan 25 21:59 IST
Output:
----------------------------------------------------------
Filters: Reuse two blocks
Randomness seeded to: 2661946857
===============================================================================
All tests passed (46 assertions in 1 test case)

<end of output>
Test time =   0.01 sec
----------------------------------------------------------
Test Passed.
"malloc_3.Reuse two blocks" end time: Jan 25 21:59 IST
"malloc_3.Reuse two blocks" time elapsed: 00:00:00
----------------------------------------------------------

43/151 Testing: malloc_3.Reuse two blocks reverse
43/151 Test: malloc_3.Reuse two blocks reverse
Command: "/home/rotem/os/os-hw4/build/tests/malloc_3_test" "Reuse two blocks reverse"
Directory: /home/rotem/os/os-hw4/build/tests
"malloc_3.Reuse two blocks reverse" start time: Jan 25 21:59 IST
Output:
----------------------------------------------------------
Filters: Reuse two blocks reverse
Randomness seeded to: 3214584017
===============================================================================
All tests passed (46 assertions in 1 test case)

<end of output>
Test time =   0.01 sec
----------------------------------------------------------
Test Passed.
"malloc_3.Reuse two blocks reverse" end time: Jan 25 21:59 IST
"malloc_3.Reuse two blocks reverse" time elapsed: 00:00:00
----------------------------------------------------------

44/151 Testing: malloc_3.Reuse two blocks both
44/151 Test: malloc_3.Reuse two blocks both
Command: "/home/rotem/os/os-hw4/build/tests/malloc_3_test" "Reuse two blocks both"
Directory: /home/rotem/os/os-hw4/build/tests
"malloc_3.Reuse two blocks both" start time: Jan 25 21:59 IST
Output:
----------------------------------------------------------
Filters: Reuse two blocks both
Randomness seeded to: 3136650089
===============================================================================
All tests passed (59 assertions in 1 test case)

<end of output>
Test time =   0.01 sec
----------------------------------------------------------
Test Passed.
"malloc_3.Reuse two blocks both" end time: Jan 25 21:59 IST
"malloc_3.Reuse two blocks both" time elapsed: 00:00:00
----------------------------------------------------------

45/151 Testing: malloc_3.Reuse two blocks sizes small
45/151 Test: malloc_3.Reuse two blocks sizes small
Command: "/home/rotem/os/os-hw4/build/tests/malloc_3_test" "Reuse two blocks sizes small"
Directory: /home/rotem/os/os-hw4/build/tests
"malloc_3.Reuse two blocks sizes small" start time: Jan 25 21:59 IST
Output:
----------------------------------------------------------
Filters: Reuse two blocks sizes small
Randomness seeded to: 36845585
===============================================================================
All tests passed (59 assertions in 1 test case)

<end of output>
Test time =   0.01 sec
----------------------------------------------------------
Test Passed.
"malloc_3.Reuse two blocks sizes small" end time: Jan 25 21:59 IST
"malloc_3.Reuse two blocks sizes small" time elapsed: 00:00:00
----------------------------------------------------------

46/151 Testing: malloc_3.Reuse two blocks sizes small reversed
46/151 Test: malloc_3.Reuse two blocks sizes small reversed
Command: "/home/rotem/os/os-hw4/build/tests/malloc_3_test" "Reuse two blocks sizes small reversed"
Directory: /home/rotem/os/os-hw4/build/tests
"malloc_3.Reuse two blocks sizes small reversed" start time: Jan 25 21:59 IST
Output:
----------------------------------------------------------
Filters: Reuse two blocks sizes small reversed
Randomness seeded to: 1568764623
===============================================================================
All tests passed (59 assertions in 1 test case)

<end of output>
Test time =   0.01 sec
----------------------------------------------------------
Test Passed.
"malloc_3.Reuse two blocks sizes small reversed" end time: Jan 25 21:59 IST
"malloc_3.Reuse two blocks sizes small reversed" time elapsed: 00:00:00
----------------------------------------------------------

47/151 Testing: malloc_3.Reuse two blocks sizes large
47/151 Test: malloc_3.Reuse two blocks sizes large
Command: "/home/rotem/os/os-hw4/build/tests/malloc_3_test" "Reuse two blocks sizes large"
Directory: /home/rotem/os/os-hw4/build/tests
"malloc_3.Reuse two blocks sizes large" start time: Jan 25 21:59 IST
Output:
----------------------------------------------------------
Filters: Reuse two blocks sizes large
Randomness seeded to: 716729024
===============================================================================
All tests passed (59 assertions in 1 test case)

<end of output>
Test time =   0.01 sec
----------------------------------------------------------
Test Passed.
"malloc_3.Reuse two blocks sizes large" end time: Jan 25 21:59 IST
"malloc_3.Reuse two blocks sizes large" time elapsed: 00:00:00
----------------------------------------------------------

48/151 Testing: malloc_3.scalloc
48/151 Test: malloc_3.scalloc
Command: "/home/rotem/os/os-hw4/build/tests/malloc_3_test" "scalloc"
Directory: /home/rotem/os/os-hw4/build/tests
"malloc_3.scalloc" start time: Jan 25 21:59 IST
Output:
----------------------------------------------------------
Filters: scalloc
Randomness seeded to: 2548038493
===============================================================================
All tests passed (51 assertions in 1 test case)

<end of output>
Test time =   0.01 sec
----------------------------------------------------------
Test Passed.
"malloc_3.scalloc" end time: Jan 25 21:59 IST
"malloc_3.scalloc" time elapsed: 00:00:00
----------------------------------------------------------

49/151 Testing: malloc_3.scalloc taint
49/151 Test: malloc_3.scalloc taint
Command: "/home/rotem/os/os-hw4/build/tests/malloc_3_test" "scalloc taint"
Directory: /home/rotem/os/os-hw4/build/tests
"malloc_3.scalloc taint" start time: Jan 25 21:59 IST
Output:
----------------------------------------------------------
Filters: scalloc taint
Randomness seeded to: 2202004601
===============================================================================
All tests passed (232 assertions in 1 test case)

<end of output>
Test time =   0.01 sec
----------------------------------------------------------
Test Passed.
"malloc_3.scalloc taint" end time: Jan 25 21:59 IST
"malloc_3.scalloc taint" time elapsed: 00:00:00
----------------------------------------------------------

50/151 Testing: malloc_3.scalloc 0 size
50/151 Test: malloc_3.scalloc 0 size
Command: "/home/rotem/os/os-hw4/build/tests/malloc_3_test" "scalloc 0 size"
Directory: /home/rotem/os/os-hw4/build/tests
"malloc_3.scalloc 0 size" start time: Jan 25 21:59 IST
Output:
----------------------------------------------------------
Filters: scalloc 0 size
Randomness seeded to: 2230943385
===============================================================================
All tests passed (21 assertions in 1 test case)

<end of output>
Test time =   0.01 sec
----------------------------------------------------------
Test Passed.
"malloc_3.scalloc 0 size" end time: Jan 25 21:59 IST
"malloc_3.scalloc 0 size" time elapsed: 00:00:00
----------------------------------------------------------

51/151 Testing: malloc_3.scalloc Max size num
51/151 Test: malloc_3.scalloc Max size num
Command: "/home/rotem/os/os-hw4/build/tests/malloc_3_test" "scalloc Max size num"
Directory: /home/rotem/os/os-hw4/build/tests
"malloc_3.scalloc Max size num" start time: Jan 25 21:59 IST
Output:
----------------------------------------------------------
Filters: scalloc Max size num
Randomness seeded to: 2289725910
===============================================================================
All tests passed (27 assertions in 1 test case)

<end of output>
Test time =   0.11 sec
----------------------------------------------------------
Test Passed.
"malloc_3.scalloc Max size num" end time: Jan 25 21:59 IST
"malloc_3.scalloc Max size num" time elapsed: 00:00:00
----------------------------------------------------------

52/151 Testing: malloc_3.scalloc Max size size
52/151 Test: malloc_3.scalloc Max size size
Command: "/home/rotem/os/os-hw4/build/tests/malloc_3_test" "scalloc Max size size"
Directory: /home/rotem/os/os-hw4/build/tests
"malloc_3.scalloc Max size size" start time: Jan 25 21:59 IST
Output:
----------------------------------------------------------
Filters: scalloc Max size size
Randomness seeded to: 1791846161
===============================================================================
All tests passed (27 assertions in 1 test case)

<end of output>
Test time =   0.11 sec
----------------------------------------------------------
Test Passed.
"malloc_3.scalloc Max size size" end time: Jan 25 21:59 IST
"malloc_3.scalloc Max size size" time elapsed: 00:00:00
----------------------------------------------------------

53/151 Testing: malloc_3.scalloc Max size both
53/151 Test: malloc_3.scalloc Max size both
Command: "/home/rotem/os/os-hw4/build/tests/malloc_3_test" "scalloc Max size both"
Directory: /home/rotem/os/os-hw4/build/tests
"malloc_3.scalloc Max size both" start time: Jan 25 21:59 IST
Output:
----------------------------------------------------------
Filters: scalloc Max size both
Randomness seeded to: 2276569248
===============================================================================
All tests passed (35 assertions in 1 test case)

<end of output>
Test time =   0.11 sec
----------------------------------------------------------
Test Passed.
"malloc_3.scalloc Max size both" end time: Jan 25 21:59 IST
"malloc_3.scalloc Max size both" time elapsed: 00:00:00
----------------------------------------------------------

54/151 Testing: malloc_3.Split block
54/151 Test: malloc_3.Split block
Command: "/home/rotem/os/os-hw4/build/tests/malloc_3_test" "Split block"
Directory: /home/rotem/os/os-hw4/build/tests
"malloc_3.Split block" start time: Jan 25 21:59 IST
Output:
----------------------------------------------------------
Filters: Split block
Randomness seeded to: 193632680
===============================================================================
All tests passed (32 assertions in 1 test case)

<end of output>
Test time =   0.01 sec
----------------------------------------------------------
Test Passed.
"malloc_3.Split block" end time: Jan 25 21:59 IST
"malloc_3.Split block" time elapsed: 00:00:00
----------------------------------------------------------

55/151 Testing: malloc_3.Split block under threshold
55/151 Test: malloc_3.Split block under threshold
Command: "/home/rotem/os/os-hw4/build/tests/malloc_3_test" "Split block under threshold"
Directory: /home/rotem/os/os-hw4/build/tests
"malloc_3.Split block under threshold" start time: Jan 25 21:59 IST
Output:
----------------------------------------------------------
Filters: Split block under threshold
Randomness seeded to: 1030778806
===============================================================================
All tests passed (32 assertions in 1 test case)

<end of output>
Test time =   0.01 sec
----------------------------------------------------------
Test Passed.
"malloc_3.Split block under threshold" end time: Jan 25 21:59 IST
"malloc_3.Split block under threshold" time elapsed: 00:00:00
----------------------------------------------------------

56/151 Testing: malloc_3.Split block threshold
56/151 Test: malloc_3.Split block threshold
Command: "/home/rotem/os/os-hw4/build/tests/malloc_3_test" "Split block threshold"
Directory: /home/rotem/os/os-hw4/build/tests
"malloc_3.Split block threshold" start time: Jan 25 21:59 IST
Output:
----------------------------------------------------------
Filters: Split block threshold
Randomness seeded to: 2342662587
===============================================================================
All tests passed (32 assertions in 1 test case)

<end of output>
Test time =   0.01 sec
----------------------------------------------------------
Test Passed.
"malloc_3.Split block threshold" end time: Jan 25 21:59 IST
"malloc_3.Split block threshold" time elapsed: 00:00:00
----------------------------------------------------------

57/151 Testing: malloc_3.Merge with prev block
57/151 Test: malloc_3.Merge with prev block
Command: "/home/rotem/os/os-hw4/build/tests/malloc_3_test" "Merge with prev block"
Directory: /home/rotem/os/os-hw4/build/tests
"malloc_3.Merge with prev block" start time: Jan 25 21:59 IST
Output:
----------------------------------------------------------
Filters: Merge with prev block
Randomness seeded to: 3069143476
===============================================================================
All tests passed (32 assertions in 1 test case)

<end of output>
Test time =   0.01 sec
----------------------------------------------------------
Test Passed.
"malloc_3.Merge with prev block" end time: Jan 25 21:59 IST
"malloc_3.Merge with prev block" time elapsed: 00:00:00
----------------------------------------------------------

58/151 Testing: malloc_3.Merge with prev block pad
58/151 Test: malloc_3.Merge with prev block pad
Command: "/home/rotem/os/os-hw4/build/tests/malloc_3_test" "Merge with prev block pad"
Directory: /home/rotem/os/os-hw4/build/tests
"malloc_3.Merge with prev block pad" start time: Jan 25 21:59 IST
Output:
----------------------------------------------------------
Filters: Merge with prev block pad
Randomness seeded to: 2121779371
===============================================================================
All tests passed (58 assertions in 1 test case)

<end of output>
Test time =   0.01 sec
----------------------------------------------------------
Test Passed.
"malloc_3.Merge with prev block pad" end time: Jan 25 21:59 IST
"malloc_3.Merge with prev block pad" time elapsed: 00:00:00
----------------------------------------------------------

59/151 Testing: malloc_3.Merge with next block
59/151 Test: malloc_3.Merge with next block
Command: "/home/rotem/os/os-hw4/build/tests/malloc_3_test" "Merge with next block"
Directory: /home/rotem/os/os-hw4/build/tests
"malloc_3.Merge with next block" start time: Jan 25 21:59 IST
Output:
----------------------------------------------------------
Filters: Merge with next block
Randomness seeded to: 2421920663
===============================================================================
All tests passed (32 assertions in 1 test case)

<end of output>
Test time =   0.01 sec
----------------------------------------------------------
Test Passed.
"malloc_3.Merge with next block" end time: Jan 25 21:59 IST
"malloc_3.Merge with next block" time elapsed: 00:00:00
----------------------------------------------------------

60/151 Testing: malloc_3.Merge with next block pad
60/151 Test: malloc_3.Merge with next block pad
Command: "/home/rotem/os/os-hw4/build/tests/malloc_3_test" "Merge with next block pad"
Directory: /home/rotem/os/os-hw4/build/tests
"malloc_3.Merge with next block pad" start time: Jan 25 21:59 IST
Output:
----------------------------------------------------------
Filters: Merge with next block pad
Randomness seeded to: 867617277
===============================================================================
All tests passed (58 assertions in 1 test case)

<end of output>
Test time =   0.01 sec
----------------------------------------------------------
Test Passed.
"malloc_3.Merge with next block pad" end time: Jan 25 21:59 IST
"malloc_3.Merge with next block pad" time elapsed: 00:00:00
----------------------------------------------------------

61/151 Testing: malloc_3.Merge with both blocks
61/151 Test: malloc_3.Merge with both blocks
Command: "/home/rotem/os/os-hw4/build/tests/malloc_3_test" "Merge with both blocks"
Directory: /home/rotem/os/os-hw4/build/tests
"malloc_3.Merge with both blocks" start time: Jan 25 21:59 IST
Output:
----------------------------------------------------------
Filters: Merge with both blocks
Randomness seeded to: 1551226522
===============================================================================
All tests passed (47 assertions in 1 test case)

<end of output>
Test time =   0.01 sec
----------------------------------------------------------
Test Passed.
"malloc_3.Merge with both blocks" end time: Jan 25 21:59 IST
"malloc_3.Merge with both blocks" time elapsed: 00:00:00
----------------------------------------------------------

62/151 Testing: malloc_3.Merge with both blocks pad
62/151 Test: malloc_3.Merge with both blocks pad
Command: "/home/rotem/os/os-hw4/build/tests/malloc_3_test" "Merge with both blocks pad"
Directory: /home/rotem/os/os-hw4/build/tests
"malloc_3.Merge with both blocks pad" start time: Jan 25 21:59 IST
Output:
----------------------------------------------------------
Filters: Merge with both blocks pad
Randomness seeded to: 4063734147
===============================================================================
All tests passed (73 assertions in 1 test case)

<end of output>
Test time =   0.01 sec
----------------------------------------------------------
Test Passed.
"malloc_3.Merge with both blocks pad" end time: Jan 25 21:59 IST
"malloc_3.Merge with both blocks pad" time elapsed: 00:00:00
----------------------------------------------------------

63/151 Testing: malloc_3.realloc
63/151 Test: malloc_3.realloc
Command: "/home/rotem/os/os-hw4/build/tests/malloc_3_test" "realloc"
Directory: /home/rotem/os/os-hw4/build/tests
"malloc_3.realloc" start time: Jan 25 21:59 IST
Output:
----------------------------------------------------------
Filters: realloc
Randomness seeded to: 1580299428
===============================================================================
All tests passed (36 assertions in 1 test case)

<end of output>
Test time =   0.01 sec
----------------------------------------------------------
Test Passed.
"malloc_3.realloc" end time: Jan 25 21:59 IST
"malloc_3.realloc" time elapsed: 00:00:00
----------------------------------------------------------

64/151 Testing: malloc_3.realloc shrink
64/151 Test: malloc_3.realloc shrink
Command: "/home/rotem/os/os-hw4/build/tests/malloc_3_test" "realloc shrink"
Directory: /home/rotem/os/os-hw4/build/tests
"malloc_3.realloc shrink" start time: Jan 25 21:59 IST
Output:
----------------------------------------------------------
Filters: realloc shrink
Randomness seeded to: 1603437175
===============================================================================
All tests passed (36 assertions in 1 test case)

<end of output>
Test time =   0.01 sec
----------------------------------------------------------
Test Passed.
"malloc_3.realloc shrink" end time: Jan 25 21:59 IST
"malloc_3.realloc shrink" time elapsed: 00:00:00
----------------------------------------------------------

65/151 Testing: malloc_3.srealloc Max size
65/151 Test: malloc_3.srealloc Max size
Command: "/home/rotem/os/os-hw4/build/tests/malloc_3_test" "srealloc Max size"
Directory: /home/rotem/os/os-hw4/build/tests
"malloc_3.srealloc Max size" start time: Jan 25 21:59 IST
Output:
----------------------------------------------------------
Filters: srealloc Max size
Randomness seeded to: 834633381
===============================================================================
All tests passed (35 assertions in 1 test case)

<end of output>
Test time =   0.01 sec
----------------------------------------------------------
Test Passed.
"malloc_3.srealloc Max size" end time: Jan 25 21:59 IST
"malloc_3.srealloc Max size" time elapsed: 00:00:00
----------------------------------------------------------

66/151 Testing: malloc_3.srealloc case a
66/151 Test: malloc_3.srealloc case a
Command: "/home/rotem/os/os-hw4/build/tests/malloc_3_test" "srealloc case a"
Directory: /home/rotem/os/os-hw4/build/tests
"malloc_3.srealloc case a" start time: Jan 25 21:59 IST
Output:
----------------------------------------------------------
Filters: srealloc case a
Randomness seeded to: 4007158038
===============================================================================
All tests passed (112 assertions in 1 test case)

<end of output>
Test time =   0.01 sec
----------------------------------------------------------
Test Passed.
"malloc_3.srealloc case a" end time: Jan 25 21:59 IST
"malloc_3.srealloc case a" time elapsed: 00:00:00
----------------------------------------------------------

67/151 Testing: malloc_3.srealloc case a split
67/151 Test: malloc_3.srealloc case a split
Command: "/home/rotem/os/os-hw4/build/tests/malloc_3_test" "srealloc case a split"
Directory: /home/rotem/os/os-hw4/build/tests
"malloc_3.srealloc case a split" start time: Jan 25 21:59 IST
Output:
----------------------------------------------------------
Filters: srealloc case a split
Randomness seeded to: 2173942334
===============================================================================
All tests passed (58 assertions in 1 test case)

<end of output>
Test time =   0.01 sec
----------------------------------------------------------
Test Passed.
"malloc_3.srealloc case a split" end time: Jan 25 21:59 IST
"malloc_3.srealloc case a split" time elapsed: 00:00:00
----------------------------------------------------------

68/151 Testing: malloc_3.srealloc case a mmap
68/151 Test: malloc_3.srealloc case a mmap
Command: "/home/rotem/os/os-hw4/build/tests/malloc_3_test" "srealloc case a mmap"
Directory: /home/rotem/os/os-hw4/build/tests
"malloc_3.srealloc case a mmap" start time: Jan 25 21:59 IST
Output:
----------------------------------------------------------
Filters: srealloc case a mmap
Randomness seeded to: 3789111070

~~~~~~~~~~~~~~~~~~~~~~~~~~~~~~~~~~~~~~~~~~~~~~~~~~~~~~~~~~~~~~~~~~~~~~~~~~~~~~~
malloc_3_test is a Catch2 v3.0.1 host application.
Run with -? for options

-------------------------------------------------------------------------------
srealloc case a mmap
-------------------------------------------------------------------------------
/home/rotem/os/os-hw4/tests/malloc_3_test_srealloc_cases.cpp:121
...............................................................................

/home/rotem/os/os-hw4/tests/malloc_3_test_srealloc_cases.cpp:143: FAILED:
  REQUIRE( _num_allocated_bytes() + aligned_size(_size_meta_data() * _num_allocated_blocks()) == (size_t)after - (size_t)base )
with expansion:
  72 == 0

===============================================================================
test cases:      1 |      0 passed | 1 failed
assertions: 131100 | 131099 passed | 1 failed

<end of output>
Test time =   0.07 sec
----------------------------------------------------------
Test Failed.
"malloc_3.srealloc case a mmap" end time: Jan 25 21:59 IST
"malloc_3.srealloc case a mmap" time elapsed: 00:00:00
----------------------------------------------------------

69/151 Testing: malloc_3.srealloc case b
69/151 Test: malloc_3.srealloc case b
Command: "/home/rotem/os/os-hw4/build/tests/malloc_3_test" "srealloc case b"
Directory: /home/rotem/os/os-hw4/build/tests
"malloc_3.srealloc case b" start time: Jan 25 21:59 IST
Output:
----------------------------------------------------------
Filters: srealloc case b
Randomness seeded to: 2344239044
===============================================================================
All tests passed (106 assertions in 1 test case)

<end of output>
Test time =   0.01 sec
----------------------------------------------------------
Test Passed.
"malloc_3.srealloc case b" end time: Jan 25 21:59 IST
"malloc_3.srealloc case b" time elapsed: 00:00:00
----------------------------------------------------------

70/151 Testing: malloc_3.srealloc case b metadata
70/151 Test: malloc_3.srealloc case b metadata
Command: "/home/rotem/os/os-hw4/build/tests/malloc_3_test" "srealloc case b metadata"
Directory: /home/rotem/os/os-hw4/build/tests
"malloc_3.srealloc case b metadata" start time: Jan 25 21:59 IST
Output:
----------------------------------------------------------
Filters: srealloc case b metadata
Randomness seeded to: 1298279897
===============================================================================
All tests passed (66 assertions in 1 test case)

<end of output>
Test time =   0.01 sec
----------------------------------------------------------
Test Passed.
"malloc_3.srealloc case b metadata" end time: Jan 25 21:59 IST
"malloc_3.srealloc case b metadata" time elapsed: 00:00:00
----------------------------------------------------------

71/151 Testing: malloc_3.srealloc case b split
71/151 Test: malloc_3.srealloc case b split
Command: "/home/rotem/os/os-hw4/build/tests/malloc_3_test" "srealloc case b split"
Directory: /home/rotem/os/os-hw4/build/tests
"malloc_3.srealloc case b split" start time: Jan 25 21:59 IST
Output:
----------------------------------------------------------
Filters: srealloc case b split
Randomness seeded to: 3568317988

~~~~~~~~~~~~~~~~~~~~~~~~~~~~~~~~~~~~~~~~~~~~~~~~~~~~~~~~~~~~~~~~~~~~~~~~~~~~~~~
malloc_3_test is a Catch2 v3.0.1 host application.
Run with -? for options

-------------------------------------------------------------------------------
srealloc case b split
-------------------------------------------------------------------------------
/home/rotem/os/os-hw4/tests/malloc_3_test_srealloc_cases.cpp:222
...............................................................................

/home/rotem/os/os-hw4/tests/malloc_3_test_srealloc_cases.cpp:245: FAILED:
  REQUIRE( _num_allocated_blocks() == 2 )
with expansion:
  3 == 2

===============================================================================
test cases:  1 |  0 passed | 1 failed
assertions: 23 | 22 passed | 1 failed

<end of output>
Test time =   0.01 sec
----------------------------------------------------------
Test Failed.
"malloc_3.srealloc case b split" end time: Jan 25 21:59 IST
"malloc_3.srealloc case b split" time elapsed: 00:00:00
----------------------------------------------------------

72/151 Testing: malloc_3.srealloc case b wilderness
72/151 Test: malloc_3.srealloc case b wilderness
Command: "/home/rotem/os/os-hw4/build/tests/malloc_3_test" "srealloc case b wilderness"
Directory: /home/rotem/os/os-hw4/build/tests
"malloc_3.srealloc case b wilderness" start time: Jan 25 21:59 IST
Output:
----------------------------------------------------------
Filters: srealloc case b wilderness
Randomness seeded to: 208505041
===============================================================================
All tests passed (65 assertions in 1 test case)

<end of output>
Test time =   0.01 sec
----------------------------------------------------------
Test Passed.
"malloc_3.srealloc case b wilderness" end time: Jan 25 21:59 IST
"malloc_3.srealloc case b wilderness" time elapsed: 00:00:00
----------------------------------------------------------

73/151 Testing: malloc_3.srealloc case b wilderness 2
73/151 Test: malloc_3.srealloc case b wilderness 2
Command: "/home/rotem/os/os-hw4/build/tests/malloc_3_test" "srealloc case b wilderness 2"
Directory: /home/rotem/os/os-hw4/build/tests
"malloc_3.srealloc case b wilderness 2" start time: Jan 25 21:59 IST
Output:
----------------------------------------------------------
Filters: srealloc case b wilderness 2
Randomness seeded to: 2945337101
===============================================================================
All tests passed (97 assertions in 1 test case)

<end of output>
Test time =   0.01 sec
----------------------------------------------------------
Test Passed.
"malloc_3.srealloc case b wilderness 2" end time: Jan 25 21:59 IST
"malloc_3.srealloc case b wilderness 2" time elapsed: 00:00:00
----------------------------------------------------------

74/151 Testing: malloc_3.srealloc case c
74/151 Test: malloc_3.srealloc case c
Command: "/home/rotem/os/os-hw4/build/tests/malloc_3_test" "srealloc case c"
Directory: /home/rotem/os/os-hw4/build/tests
"malloc_3.srealloc case c" start time: Jan 25 21:59 IST
Output:
----------------------------------------------------------
Filters: srealloc case c
Randomness seeded to: 245954660
===============================================================================
All tests passed (90 assertions in 1 test case)

<end of output>
Test time =   0.01 sec
----------------------------------------------------------
Test Passed.
"malloc_3.srealloc case c" end time: Jan 25 21:59 IST
"malloc_3.srealloc case c" time elapsed: 00:00:00
----------------------------------------------------------

75/151 Testing: malloc_3.srealloc case c 2
75/151 Test: malloc_3.srealloc case c 2
Command: "/home/rotem/os/os-hw4/build/tests/malloc_3_test" "srealloc case c 2"
Directory: /home/rotem/os/os-hw4/build/tests
"malloc_3.srealloc case c 2" start time: Jan 25 21:59 IST
Output:
----------------------------------------------------------
Filters: srealloc case c 2
Randomness seeded to: 3153076634
===============================================================================
All tests passed (97 assertions in 1 test case)

<end of output>
Test time =   0.01 sec
----------------------------------------------------------
Test Passed.
"malloc_3.srealloc case c 2" end time: Jan 25 21:59 IST
"malloc_3.srealloc case c 2" time elapsed: 00:00:00
----------------------------------------------------------

76/151 Testing: malloc_3.srealloc case d
76/151 Test: malloc_3.srealloc case d
Command: "/home/rotem/os/os-hw4/build/tests/malloc_3_test" "srealloc case d"
Directory: /home/rotem/os/os-hw4/build/tests
"malloc_3.srealloc case d" start time: Jan 25 21:59 IST
Output:
----------------------------------------------------------
Filters: srealloc case d
Randomness seeded to: 4329553
===============================================================================
All tests passed (112 assertions in 1 test case)

<end of output>
Test time =   0.01 sec
----------------------------------------------------------
Test Passed.
"malloc_3.srealloc case d" end time: Jan 25 21:59 IST
"malloc_3.srealloc case d" time elapsed: 00:00:00
----------------------------------------------------------

77/151 Testing: malloc_3.srealloc case d metadata
77/151 Test: malloc_3.srealloc case d metadata
Command: "/home/rotem/os/os-hw4/build/tests/malloc_3_test" "srealloc case d metadata"
Directory: /home/rotem/os/os-hw4/build/tests
"malloc_3.srealloc case d metadata" start time: Jan 25 21:59 IST
Output:
----------------------------------------------------------
Filters: srealloc case d metadata
Randomness seeded to: 954839843
===============================================================================
All tests passed (72 assertions in 1 test case)

<end of output>
Test time =   0.01 sec
----------------------------------------------------------
Test Passed.
"malloc_3.srealloc case d metadata" end time: Jan 25 21:59 IST
"malloc_3.srealloc case d metadata" time elapsed: 00:00:00
----------------------------------------------------------

78/151 Testing: malloc_3.srealloc case d split
78/151 Test: malloc_3.srealloc case d split
Command: "/home/rotem/os/os-hw4/build/tests/malloc_3_test" "srealloc case d split"
Directory: /home/rotem/os/os-hw4/build/tests
"malloc_3.srealloc case d split" start time: Jan 25 21:59 IST
Output:
----------------------------------------------------------
Filters: srealloc case d split
Randomness seeded to: 4208984301
===============================================================================
All tests passed (72 assertions in 1 test case)

<end of output>
Test time =   0.01 sec
----------------------------------------------------------
Test Passed.
"malloc_3.srealloc case d split" end time: Jan 25 21:59 IST
"malloc_3.srealloc case d split" time elapsed: 00:00:00
----------------------------------------------------------

79/151 Testing: malloc_3.srealloc case e
79/151 Test: malloc_3.srealloc case e
Command: "/home/rotem/os/os-hw4/build/tests/malloc_3_test" "srealloc case e"
Directory: /home/rotem/os/os-hw4/build/tests
"malloc_3.srealloc case e" start time: Jan 25 21:59 IST
Output:
----------------------------------------------------------
Filters: srealloc case e
Randomness seeded to: 2632810620
===============================================================================
All tests passed (74 assertions in 1 test case)

<end of output>
Test time =   0.01 sec
----------------------------------------------------------
Test Passed.
"malloc_3.srealloc case e" end time: Jan 25 21:59 IST
"malloc_3.srealloc case e" time elapsed: 00:00:00
----------------------------------------------------------

80/151 Testing: malloc_3.srealloc case e no pad
80/151 Test: malloc_3.srealloc case e no pad
Command: "/home/rotem/os/os-hw4/build/tests/malloc_3_test" "srealloc case e no pad"
Directory: /home/rotem/os/os-hw4/build/tests
"malloc_3.srealloc case e no pad" start time: Jan 25 21:59 IST
Output:
----------------------------------------------------------
Filters: srealloc case e no pad
Randomness seeded to: 2977130159
===============================================================================
All tests passed (73 assertions in 1 test case)

<end of output>
Test time =   0.01 sec
----------------------------------------------------------
Test Passed.
"malloc_3.srealloc case e no pad" end time: Jan 25 21:59 IST
"malloc_3.srealloc case e no pad" time elapsed: 00:00:00
----------------------------------------------------------

81/151 Testing: malloc_3.srealloc case e split
81/151 Test: malloc_3.srealloc case e split
Command: "/home/rotem/os/os-hw4/build/tests/malloc_3_test" "srealloc case e split"
Directory: /home/rotem/os/os-hw4/build/tests
"malloc_3.srealloc case e split" start time: Jan 25 21:59 IST
Output:
----------------------------------------------------------
Filters: srealloc case e split
Randomness seeded to: 679542615
===============================================================================
All tests passed (146 assertions in 1 test case)

<end of output>
Test time =   0.01 sec
----------------------------------------------------------
Test Passed.
"malloc_3.srealloc case e split" end time: Jan 25 21:59 IST
"malloc_3.srealloc case e split" time elapsed: 00:00:00
----------------------------------------------------------

82/151 Testing: malloc_3.srealloc case fi
82/151 Test: malloc_3.srealloc case fi
Command: "/home/rotem/os/os-hw4/build/tests/malloc_3_test" "srealloc case fi"
Directory: /home/rotem/os/os-hw4/build/tests
"malloc_3.srealloc case fi" start time: Jan 25 21:59 IST
Output:
----------------------------------------------------------
Filters: srealloc case fi
Randomness seeded to: 1098216053
===============================================================================
All tests passed (73 assertions in 1 test case)

<end of output>
Test time =   0.01 sec
----------------------------------------------------------
Test Passed.
"malloc_3.srealloc case fi" end time: Jan 25 21:59 IST
"malloc_3.srealloc case fi" time elapsed: 00:00:00
----------------------------------------------------------

83/151 Testing: malloc_3.srealloc case fii
83/151 Test: malloc_3.srealloc case fii
Command: "/home/rotem/os/os-hw4/build/tests/malloc_3_test" "srealloc case fii"
Directory: /home/rotem/os/os-hw4/build/tests
"malloc_3.srealloc case fii" start time: Jan 25 21:59 IST
Output:
----------------------------------------------------------
Filters: srealloc case fii
Randomness seeded to: 1701819420
===============================================================================
All tests passed (79 assertions in 1 test case)

<end of output>
Test time =   0.01 sec
----------------------------------------------------------
Test Passed.
"malloc_3.srealloc case fii" end time: Jan 25 21:59 IST
"malloc_3.srealloc case fii" time elapsed: 00:00:00
----------------------------------------------------------

84/151 Testing: malloc_3.srealloc case g
84/151 Test: malloc_3.srealloc case g
Command: "/home/rotem/os/os-hw4/build/tests/malloc_3_test" "srealloc case g"
Directory: /home/rotem/os/os-hw4/build/tests
"malloc_3.srealloc case g" start time: Jan 25 21:59 IST
Output:
----------------------------------------------------------
Filters: srealloc case g
Randomness seeded to: 3317223021
===============================================================================
All tests passed (74 assertions in 1 test case)

<end of output>
Test time =   0.01 sec
----------------------------------------------------------
Test Passed.
"malloc_3.srealloc case g" end time: Jan 25 21:59 IST
"malloc_3.srealloc case g" time elapsed: 00:00:00
----------------------------------------------------------

85/151 Testing: malloc_3.srealloc case h
85/151 Test: malloc_3.srealloc case h
Command: "/home/rotem/os/os-hw4/build/tests/malloc_3_test" "srealloc case h"
Directory: /home/rotem/os/os-hw4/build/tests
"malloc_3.srealloc case h" start time: Jan 25 21:59 IST
Output:
----------------------------------------------------------
Filters: srealloc case h
Randomness seeded to: 216523315
===============================================================================
All tests passed (75 assertions in 1 test case)

<end of output>
Test time =   0.00 sec
----------------------------------------------------------
Test Passed.
"malloc_3.srealloc case h" end time: Jan 25 21:59 IST
"malloc_3.srealloc case h" time elapsed: 00:00:00
----------------------------------------------------------

86/151 Testing: malloc_4.Sanity
86/151 Test: malloc_4.Sanity
Command: "/home/rotem/os/os-hw4/build/tests/malloc_4_test" "Sanity"
Directory: /home/rotem/os/os-hw4/build/tests
"malloc_4.Sanity" start time: Jan 25 21:59 IST
Output:
----------------------------------------------------------
Filters: Sanity
Randomness seeded to: 1535710353
===============================================================================
All tests passed (18 assertions in 1 test case)

<end of output>
Test time =   0.00 sec
----------------------------------------------------------
Test Passed.
"malloc_4.Sanity" end time: Jan 25 21:59 IST
"malloc_4.Sanity" time elapsed: 00:00:00
----------------------------------------------------------

87/151 Testing: malloc_4.Check size
87/151 Test: malloc_4.Check size
Command: "/home/rotem/os/os-hw4/build/tests/malloc_4_test" "Check size"
Directory: /home/rotem/os/os-hw4/build/tests
"malloc_4.Check size" start time: Jan 25 21:59 IST
Output:
----------------------------------------------------------
Filters: Check size
Randomness seeded to: 343349333

~~~~~~~~~~~~~~~~~~~~~~~~~~~~~~~~~~~~~~~~~~~~~~~~~~~~~~~~~~~~~~~~~~~~~~~~~~~~~~~
malloc_4_test is a Catch2 v3.0.1 host application.
Run with -? for options

-------------------------------------------------------------------------------
Check size
-------------------------------------------------------------------------------
/home/rotem/os/os-hw4/tests/malloc_4_test_basic.cpp:53
...............................................................................

/home/rotem/os/os-hw4/tests/malloc_4_test_basic.cpp:69: FAILED:
  REQUIRE( aligned_size(11) + _size_meta_data() * 2 == (size_t)after - (size_t)base )
with expansion:
  96 == 104

===============================================================================
test cases:  1 |  0 passed | 1 failed
assertions: 15 | 14 passed | 1 failed

<end of output>
Test time =   0.00 sec
----------------------------------------------------------
Test Failed.
"malloc_4.Check size" end time: Jan 25 21:59 IST
"malloc_4.Check size" time elapsed: 00:00:00
----------------------------------------------------------

88/151 Testing: malloc_4.0 size
88/151 Test: malloc_4.0 size
Command: "/home/rotem/os/os-hw4/build/tests/malloc_4_test" "0 size"
Directory: /home/rotem/os/os-hw4/build/tests
"malloc_4.0 size" start time: Jan 25 21:59 IST
Output:
----------------------------------------------------------
Filters: 0 size
Randomness seeded to: 162912009
===============================================================================
All tests passed (13 assertions in 1 test case)

<end of output>
Test time =   0.00 sec
----------------------------------------------------------
Test Passed.
"malloc_4.0 size" end time: Jan 25 21:59 IST
"malloc_4.0 size" time elapsed: 00:00:00
----------------------------------------------------------

89/151 Testing: malloc_4.Max size
89/151 Test: malloc_4.Max size
Command: "/home/rotem/os/os-hw4/build/tests/malloc_4_test" "Max size"
Directory: /home/rotem/os/os-hw4/build/tests
"malloc_4.Max size" start time: Jan 25 21:59 IST
Output:
----------------------------------------------------------
Filters: Max size
Randomness seeded to: 577689530
===============================================================================
All tests passed (26 assertions in 1 test case)

<end of output>
Test time =   0.01 sec
----------------------------------------------------------
Test Passed.
"malloc_4.Max size" end time: Jan 25 21:59 IST
"malloc_4.Max size" time elapsed: 00:00:00
----------------------------------------------------------

90/151 Testing: malloc_4.free
90/151 Test: malloc_4.free
Command: "/home/rotem/os/os-hw4/build/tests/malloc_4_test" "free"
Directory: /home/rotem/os/os-hw4/build/tests
"malloc_4.free" start time: Jan 25 21:59 IST
Output:
----------------------------------------------------------
Filters: free
Randomness seeded to: 4082136817

~~~~~~~~~~~~~~~~~~~~~~~~~~~~~~~~~~~~~~~~~~~~~~~~~~~~~~~~~~~~~~~~~~~~~~~~~~~~~~~
malloc_4_test is a Catch2 v3.0.1 host application.
Run with -? for options

-------------------------------------------------------------------------------
free
-------------------------------------------------------------------------------
/home/rotem/os/os-hw4/tests/malloc_4_test_basic.cpp:115
...............................................................................

/home/rotem/os/os-hw4/tests/malloc_4_test_basic.cpp:127: FAILED:
  REQUIRE( _num_allocated_bytes() == aligned_size(10 * 3) )
with expansion:
  48 == 32

===============================================================================
test cases:  1 | 1 failed
assertions: 10 | 9 passed | 1 failed

<end of output>
Test time =   0.01 sec
----------------------------------------------------------
Test Failed.
"malloc_4.free" end time: Jan 25 21:59 IST
"malloc_4.free" time elapsed: 00:00:00
----------------------------------------------------------

91/151 Testing: malloc_4.free 2
91/151 Test: malloc_4.free 2
Command: "/home/rotem/os/os-hw4/build/tests/malloc_4_test" "free 2"
Directory: /home/rotem/os/os-hw4/build/tests
"malloc_4.free 2" start time: Jan 25 21:59 IST
Output:
----------------------------------------------------------
Filters: free 2
Randomness seeded to: 307311215

~~~~~~~~~~~~~~~~~~~~~~~~~~~~~~~~~~~~~~~~~~~~~~~~~~~~~~~~~~~~~~~~~~~~~~~~~~~~~~~
malloc_4_test is a Catch2 v3.0.1 host application.
Run with -? for options

-------------------------------------------------------------------------------
free 2
-------------------------------------------------------------------------------
/home/rotem/os/os-hw4/tests/malloc_4_test_basic.cpp:161
...............................................................................

/home/rotem/os/os-hw4/tests/malloc_4_test_basic.cpp:173: FAILED:
  REQUIRE( _num_allocated_bytes() == aligned_size(10 * 3) )
with expansion:
  48 == 32

===============================================================================
test cases:  1 | 1 failed
assertions: 10 | 9 passed | 1 failed

<end of output>
Test time =   0.01 sec
----------------------------------------------------------
Test Failed.
"malloc_4.free 2" end time: Jan 25 21:59 IST
"malloc_4.free 2" time elapsed: 00:00:00
----------------------------------------------------------

92/151 Testing: malloc_4.free 3
92/151 Test: malloc_4.free 3
Command: "/home/rotem/os/os-hw4/build/tests/malloc_4_test" "free 3"
Directory: /home/rotem/os/os-hw4/build/tests
"malloc_4.free 3" start time: Jan 25 21:59 IST
Output:
----------------------------------------------------------
Filters: free 3
Randomness seeded to: 3011234589

~~~~~~~~~~~~~~~~~~~~~~~~~~~~~~~~~~~~~~~~~~~~~~~~~~~~~~~~~~~~~~~~~~~~~~~~~~~~~~~
malloc_4_test is a Catch2 v3.0.1 host application.
Run with -? for options

-------------------------------------------------------------------------------
free 3
-------------------------------------------------------------------------------
/home/rotem/os/os-hw4/tests/malloc_4_test_basic.cpp:207
...............................................................................

/home/rotem/os/os-hw4/tests/malloc_4_test_basic.cpp:219: FAILED:
  REQUIRE( _num_allocated_bytes() == aligned_size(10 * 3) )
with expansion:
  48 == 32

===============================================================================
test cases:  1 | 1 failed
assertions: 10 | 9 passed | 1 failed

<end of output>
Test time =   0.01 sec
----------------------------------------------------------
Test Failed.
"malloc_4.free 3" end time: Jan 25 21:59 IST
"malloc_4.free 3" time elapsed: 00:00:00
----------------------------------------------------------

93/151 Testing: malloc_4.free holes 1
93/151 Test: malloc_4.free holes 1
Command: "/home/rotem/os/os-hw4/build/tests/malloc_4_test" "free holes 1"
Directory: /home/rotem/os/os-hw4/build/tests
"malloc_4.free holes 1" start time: Jan 25 21:59 IST
Output:
----------------------------------------------------------
Filters: free holes 1
Randomness seeded to: 2620273518

~~~~~~~~~~~~~~~~~~~~~~~~~~~~~~~~~~~~~~~~~~~~~~~~~~~~~~~~~~~~~~~~~~~~~~~~~~~~~~~
malloc_4_test is a Catch2 v3.0.1 host application.
Run with -? for options

-------------------------------------------------------------------------------
free holes 1
-------------------------------------------------------------------------------
/home/rotem/os/os-hw4/tests/malloc_4_test_basic.cpp:253
...............................................................................

/home/rotem/os/os-hw4/tests/malloc_4_test_basic.cpp:269: FAILED:
  REQUIRE( _num_allocated_bytes() == aligned_size(10 * 5) )
with expansion:
  80 == 56

===============================================================================
test cases:  1 |  0 passed | 1 failed
assertions: 12 | 11 passed | 1 failed

<end of output>
Test time =   0.00 sec
----------------------------------------------------------
Test Failed.
"malloc_4.free holes 1" end time: Jan 25 21:59 IST
"malloc_4.free holes 1" time elapsed: 00:00:00
----------------------------------------------------------

94/151 Testing: malloc_4.free holes 2
94/151 Test: malloc_4.free holes 2
Command: "/home/rotem/os/os-hw4/build/tests/malloc_4_test" "free holes 2"
Directory: /home/rotem/os/os-hw4/build/tests
"malloc_4.free holes 2" start time: Jan 25 21:59 IST
Output:
----------------------------------------------------------
Filters: free holes 2
Randomness seeded to: 1565297519

~~~~~~~~~~~~~~~~~~~~~~~~~~~~~~~~~~~~~~~~~~~~~~~~~~~~~~~~~~~~~~~~~~~~~~~~~~~~~~~
malloc_4_test is a Catch2 v3.0.1 host application.
Run with -? for options

-------------------------------------------------------------------------------
free holes 2
-------------------------------------------------------------------------------
/home/rotem/os/os-hw4/tests/malloc_4_test_basic.cpp:309
...............................................................................

/home/rotem/os/os-hw4/tests/malloc_4_test_basic.cpp:325: FAILED:
  REQUIRE( _num_allocated_bytes() == aligned_size(10 * 5) )
with expansion:
  80 == 56

===============================================================================
test cases:  1 |  0 passed | 1 failed
assertions: 12 | 11 passed | 1 failed

<end of output>
Test time =   0.00 sec
----------------------------------------------------------
Test Failed.
"malloc_4.free holes 2" end time: Jan 25 21:59 IST
"malloc_4.free holes 2" time elapsed: 00:00:00
----------------------------------------------------------

95/151 Testing: malloc_4.free holes 3
95/151 Test: malloc_4.free holes 3
Command: "/home/rotem/os/os-hw4/build/tests/malloc_4_test" "free holes 3"
Directory: /home/rotem/os/os-hw4/build/tests
"malloc_4.free holes 3" start time: Jan 25 21:59 IST
Output:
----------------------------------------------------------
Filters: free holes 3
Randomness seeded to: 2014901766

~~~~~~~~~~~~~~~~~~~~~~~~~~~~~~~~~~~~~~~~~~~~~~~~~~~~~~~~~~~~~~~~~~~~~~~~~~~~~~~
malloc_4_test is a Catch2 v3.0.1 host application.
Run with -? for options

-------------------------------------------------------------------------------
free holes 3
-------------------------------------------------------------------------------
/home/rotem/os/os-hw4/tests/malloc_4_test_basic.cpp:365
...............................................................................

/home/rotem/os/os-hw4/tests/malloc_4_test_basic.cpp:381: FAILED:
  REQUIRE( _num_allocated_bytes() == aligned_size(10 * 5) )
with expansion:
  80 == 56

===============================================================================
test cases:  1 |  0 passed | 1 failed
assertions: 12 | 11 passed | 1 failed

<end of output>
Test time =   0.01 sec
----------------------------------------------------------
Test Failed.
"malloc_4.free holes 3" end time: Jan 25 21:59 IST
"malloc_4.free holes 3" time elapsed: 00:00:00
----------------------------------------------------------

96/151 Testing: malloc_4.Wilderness available
96/151 Test: malloc_4.Wilderness available
Command: "/home/rotem/os/os-hw4/build/tests/malloc_4_test" "Wilderness available"
Directory: /home/rotem/os/os-hw4/build/tests
"malloc_4.Wilderness available" start time: Jan 25 21:59 IST
Output:
----------------------------------------------------------
Filters: Wilderness available
Randomness seeded to: 3527790015
===============================================================================
All tests passed (46 assertions in 1 test case)

<end of output>
Test time =   0.00 sec
----------------------------------------------------------
Test Passed.
"malloc_4.Wilderness available" end time: Jan 25 21:59 IST
"malloc_4.Wilderness available" time elapsed: 00:00:00
----------------------------------------------------------

97/151 Testing: malloc_4.Wilderness available pad
97/151 Test: malloc_4.Wilderness available pad
Command: "/home/rotem/os/os-hw4/build/tests/malloc_4_test" "Wilderness available pad"
Directory: /home/rotem/os/os-hw4/build/tests
"malloc_4.Wilderness available pad" start time: Jan 25 21:59 IST
Output:
----------------------------------------------------------
Filters: Wilderness available pad
Randomness seeded to: 617748264
===============================================================================
All tests passed (59 assertions in 1 test case)

<end of output>
Test time =   0.01 sec
----------------------------------------------------------
Test Passed.
"malloc_4.Wilderness available pad" end time: Jan 25 21:59 IST
"malloc_4.Wilderness available pad" time elapsed: 00:00:00
----------------------------------------------------------

98/151 Testing: malloc_4.Large allocation
98/151 Test: malloc_4.Large allocation
Command: "/home/rotem/os/os-hw4/build/tests/malloc_4_test" "Large allocation"
Directory: /home/rotem/os/os-hw4/build/tests
"malloc_4.Large allocation" start time: Jan 25 21:59 IST
Output:
----------------------------------------------------------
Filters: Large allocation
Randomness seeded to: 1996722337
===============================================================================
All tests passed (32 assertions in 1 test case)

<end of output>
Test time =   0.01 sec
----------------------------------------------------------
Test Passed.
"malloc_4.Large allocation" end time: Jan 25 21:59 IST
"malloc_4.Large allocation" time elapsed: 00:00:00
----------------------------------------------------------

99/151 Testing: malloc_4.Large unaligned allocation
99/151 Test: malloc_4.Large unaligned allocation
Command: "/home/rotem/os/os-hw4/build/tests/malloc_4_test" "Large unaligned allocation"
Directory: /home/rotem/os/os-hw4/build/tests
"malloc_4.Large unaligned allocation" start time: Jan 25 21:59 IST
Output:
----------------------------------------------------------
Filters: Large unaligned allocation
Randomness seeded to: 335706176

~~~~~~~~~~~~~~~~~~~~~~~~~~~~~~~~~~~~~~~~~~~~~~~~~~~~~~~~~~~~~~~~~~~~~~~~~~~~~~~
malloc_4_test is a Catch2 v3.0.1 host application.
Run with -? for options

-------------------------------------------------------------------------------
Large unaligned allocation
-------------------------------------------------------------------------------
/home/rotem/os/os-hw4/tests/malloc_4_test_basic.cpp:525
...............................................................................

/home/rotem/os/os-hw4/tests/malloc_4_test_basic.cpp:533: FAILED:
  REQUIRE( _num_allocated_bytes() == aligned_size((128 * 1024) + 1) )
with expansion:
  131073 (0x20001) == 131080 (0x20008)

===============================================================================
test cases: 1 | 1 failed
assertions: 9 | 8 passed | 1 failed

<end of output>
Test time =   0.00 sec
----------------------------------------------------------
Test Failed.
"malloc_4.Large unaligned allocation" end time: Jan 25 21:59 IST
"malloc_4.Large unaligned allocation" time elapsed: 00:00:00
----------------------------------------------------------

100/151 Testing: malloc_4.Reuse
100/151 Test: malloc_4.Reuse
Command: "/home/rotem/os/os-hw4/build/tests/malloc_4_test" "Reuse"
Directory: /home/rotem/os/os-hw4/build/tests
"malloc_4.Reuse" start time: Jan 25 21:59 IST
Output:
----------------------------------------------------------
Filters: Reuse
Randomness seeded to: 2969633108
===============================================================================
All tests passed (32 assertions in 1 test case)

<end of output>
Test time =   0.00 sec
----------------------------------------------------------
Test Passed.
"malloc_4.Reuse" end time: Jan 25 21:59 IST
"malloc_4.Reuse" time elapsed: 00:00:00
----------------------------------------------------------

101/151 Testing: malloc_4.Reuse two blocks
101/151 Test: malloc_4.Reuse two blocks
Command: "/home/rotem/os/os-hw4/build/tests/malloc_4_test" "Reuse two blocks"
Directory: /home/rotem/os/os-hw4/build/tests
"malloc_4.Reuse two blocks" start time: Jan 25 21:59 IST
Output:
----------------------------------------------------------
Filters: Reuse two blocks
Randomness seeded to: 490622474

~~~~~~~~~~~~~~~~~~~~~~~~~~~~~~~~~~~~~~~~~~~~~~~~~~~~~~~~~~~~~~~~~~~~~~~~~~~~~~~
malloc_4_test is a Catch2 v3.0.1 host application.
Run with -? for options

-------------------------------------------------------------------------------
Reuse two blocks
-------------------------------------------------------------------------------
/home/rotem/os/os-hw4/tests/malloc_4_test_reuse.cpp:67
...............................................................................

/home/rotem/os/os-hw4/tests/malloc_4_test_reuse.cpp:82: FAILED:
  REQUIRE( _num_allocated_bytes() == aligned_size(20) )
with expansion:
  32 == 24

===============================================================================
test cases:  1 |  0 passed | 1 failed
assertions: 16 | 15 passed | 1 failed

<end of output>
Test time =   0.00 sec
----------------------------------------------------------
Test Failed.
"malloc_4.Reuse two blocks" end time: Jan 25 21:59 IST
"malloc_4.Reuse two blocks" time elapsed: 00:00:00
----------------------------------------------------------

102/151 Testing: malloc_4.Reuse two blocks reverse
102/151 Test: malloc_4.Reuse two blocks reverse
Command: "/home/rotem/os/os-hw4/build/tests/malloc_4_test" "Reuse two blocks reverse"
Directory: /home/rotem/os/os-hw4/build/tests
"malloc_4.Reuse two blocks reverse" start time: Jan 25 21:59 IST
Output:
----------------------------------------------------------
Filters: Reuse two blocks reverse
Randomness seeded to: 149422125

~~~~~~~~~~~~~~~~~~~~~~~~~~~~~~~~~~~~~~~~~~~~~~~~~~~~~~~~~~~~~~~~~~~~~~~~~~~~~~~
malloc_4_test is a Catch2 v3.0.1 host application.
Run with -? for options

-------------------------------------------------------------------------------
Reuse two blocks reverse
-------------------------------------------------------------------------------
/home/rotem/os/os-hw4/tests/malloc_4_test_reuse.cpp:104
...............................................................................

/home/rotem/os/os-hw4/tests/malloc_4_test_reuse.cpp:119: FAILED:
  REQUIRE( _num_allocated_bytes() == aligned_size(20) )
with expansion:
  32 == 24

===============================================================================
test cases:  1 |  0 passed | 1 failed
assertions: 16 | 15 passed | 1 failed

<end of output>
Test time =   0.00 sec
----------------------------------------------------------
Test Failed.
"malloc_4.Reuse two blocks reverse" end time: Jan 25 21:59 IST
"malloc_4.Reuse two blocks reverse" time elapsed: 00:00:00
----------------------------------------------------------

103/151 Testing: malloc_4.Reuse two blocks both
103/151 Test: malloc_4.Reuse two blocks both
Command: "/home/rotem/os/os-hw4/build/tests/malloc_4_test" "Reuse two blocks both"
Directory: /home/rotem/os/os-hw4/build/tests
"malloc_4.Reuse two blocks both" start time: Jan 25 21:59 IST
Output:
----------------------------------------------------------
Filters: Reuse two blocks both
Randomness seeded to: 2668899271

~~~~~~~~~~~~~~~~~~~~~~~~~~~~~~~~~~~~~~~~~~~~~~~~~~~~~~~~~~~~~~~~~~~~~~~~~~~~~~~
malloc_4_test is a Catch2 v3.0.1 host application.
Run with -? for options

-------------------------------------------------------------------------------
Reuse two blocks both
-------------------------------------------------------------------------------
/home/rotem/os/os-hw4/tests/malloc_4_test_reuse.cpp:141
...............................................................................

/home/rotem/os/os-hw4/tests/malloc_4_test_reuse.cpp:155: FAILED:
  REQUIRE( _num_allocated_bytes() == aligned_size(20) )
with expansion:
  32 == 24

===============================================================================
test cases:  1 |  0 passed | 1 failed
assertions: 15 | 14 passed | 1 failed

<end of output>
Test time =   0.00 sec
----------------------------------------------------------
Test Failed.
"malloc_4.Reuse two blocks both" end time: Jan 25 21:59 IST
"malloc_4.Reuse two blocks both" time elapsed: 00:00:00
----------------------------------------------------------

104/151 Testing: malloc_4.Reuse two blocks sizes small
104/151 Test: malloc_4.Reuse two blocks sizes small
Command: "/home/rotem/os/os-hw4/build/tests/malloc_4_test" "Reuse two blocks sizes small"
Directory: /home/rotem/os/os-hw4/build/tests
"malloc_4.Reuse two blocks sizes small" start time: Jan 25 21:59 IST
Output:
----------------------------------------------------------
Filters: Reuse two blocks sizes small
Randomness seeded to: 1761583093

~~~~~~~~~~~~~~~~~~~~~~~~~~~~~~~~~~~~~~~~~~~~~~~~~~~~~~~~~~~~~~~~~~~~~~~~~~~~~~~
malloc_4_test is a Catch2 v3.0.1 host application.
Run with -? for options

-------------------------------------------------------------------------------
Reuse two blocks sizes small
-------------------------------------------------------------------------------
/home/rotem/os/os-hw4/tests/malloc_4_test_reuse.cpp:188
...............................................................................

/home/rotem/os/os-hw4/tests/malloc_4_test_reuse.cpp:202: FAILED:
  REQUIRE( _num_allocated_bytes() == aligned_size(20) )
with expansion:
  32 == 24

===============================================================================
test cases:  1 |  0 passed | 1 failed
assertions: 15 | 14 passed | 1 failed

<end of output>
Test time =   0.01 sec
----------------------------------------------------------
Test Failed.
"malloc_4.Reuse two blocks sizes small" end time: Jan 25 21:59 IST
"malloc_4.Reuse two blocks sizes small" time elapsed: 00:00:00
----------------------------------------------------------

105/151 Testing: malloc_4.Reuse two blocks sizes small reversed
105/151 Test: malloc_4.Reuse two blocks sizes small reversed
Command: "/home/rotem/os/os-hw4/build/tests/malloc_4_test" "Reuse two blocks sizes small reversed"
Directory: /home/rotem/os/os-hw4/build/tests
"malloc_4.Reuse two blocks sizes small reversed" start time: Jan 25 21:59 IST
Output:
----------------------------------------------------------
Filters: Reuse two blocks sizes small reversed
Randomness seeded to: 3134581530

~~~~~~~~~~~~~~~~~~~~~~~~~~~~~~~~~~~~~~~~~~~~~~~~~~~~~~~~~~~~~~~~~~~~~~~~~~~~~~~
malloc_4_test is a Catch2 v3.0.1 host application.
Run with -? for options

-------------------------------------------------------------------------------
Reuse two blocks sizes small reversed
-------------------------------------------------------------------------------
/home/rotem/os/os-hw4/tests/malloc_4_test_reuse.cpp:235
...............................................................................

/home/rotem/os/os-hw4/tests/malloc_4_test_reuse.cpp:249: FAILED:
  REQUIRE( _num_allocated_bytes() == aligned_size(110) )
with expansion:
  120 == 112

===============================================================================
test cases:  1 |  0 passed | 1 failed
assertions: 15 | 14 passed | 1 failed

<end of output>
Test time =   0.00 sec
----------------------------------------------------------
Test Failed.
"malloc_4.Reuse two blocks sizes small reversed" end time: Jan 25 21:59 IST
"malloc_4.Reuse two blocks sizes small reversed" time elapsed: 00:00:00
----------------------------------------------------------

106/151 Testing: malloc_4.Reuse two blocks sizes large
106/151 Test: malloc_4.Reuse two blocks sizes large
Command: "/home/rotem/os/os-hw4/build/tests/malloc_4_test" "Reuse two blocks sizes large"
Directory: /home/rotem/os/os-hw4/build/tests
"malloc_4.Reuse two blocks sizes large" start time: Jan 25 21:59 IST
Output:
----------------------------------------------------------
Filters: Reuse two blocks sizes large
Randomness seeded to: 1591960705

~~~~~~~~~~~~~~~~~~~~~~~~~~~~~~~~~~~~~~~~~~~~~~~~~~~~~~~~~~~~~~~~~~~~~~~~~~~~~~~
malloc_4_test is a Catch2 v3.0.1 host application.
Run with -? for options

-------------------------------------------------------------------------------
Reuse two blocks sizes large
-------------------------------------------------------------------------------
/home/rotem/os/os-hw4/tests/malloc_4_test_reuse.cpp:282
...............................................................................

/home/rotem/os/os-hw4/tests/malloc_4_test_reuse.cpp:296: FAILED:
  REQUIRE( _num_allocated_bytes() == aligned_size(20) )
with expansion:
  32 == 24

===============================================================================
test cases:  1 |  0 passed | 1 failed
assertions: 15 | 14 passed | 1 failed

<end of output>
Test time =   0.01 sec
----------------------------------------------------------
Test Failed.
"malloc_4.Reuse two blocks sizes large" end time: Jan 25 21:59 IST
"malloc_4.Reuse two blocks sizes large" time elapsed: 00:00:00
----------------------------------------------------------

107/151 Testing: malloc_4.scalloc
107/151 Test: malloc_4.scalloc
Command: "/home/rotem/os/os-hw4/build/tests/malloc_4_test" "scalloc"
Directory: /home/rotem/os/os-hw4/build/tests
"malloc_4.scalloc" start time: Jan 25 21:59 IST
Output:
----------------------------------------------------------
Filters: scalloc
Randomness seeded to: 1038947250
===============================================================================
All tests passed (51 assertions in 1 test case)

<end of output>
Test time =   0.00 sec
----------------------------------------------------------
Test Passed.
"malloc_4.scalloc" end time: Jan 25 21:59 IST
"malloc_4.scalloc" time elapsed: 00:00:00
----------------------------------------------------------

108/151 Testing: malloc_4.scalloc taint
108/151 Test: malloc_4.scalloc taint
Command: "/home/rotem/os/os-hw4/build/tests/malloc_4_test" "scalloc taint"
Directory: /home/rotem/os/os-hw4/build/tests
"malloc_4.scalloc taint" start time: Jan 25 21:59 IST
Output:
----------------------------------------------------------
Filters: scalloc taint
Randomness seeded to: 464746371
===============================================================================
All tests passed (232 assertions in 1 test case)

<end of output>
Test time =   0.01 sec
----------------------------------------------------------
Test Passed.
"malloc_4.scalloc taint" end time: Jan 25 21:59 IST
"malloc_4.scalloc taint" time elapsed: 00:00:00
----------------------------------------------------------

109/151 Testing: malloc_4.scalloc 0 size
109/151 Test: malloc_4.scalloc 0 size
Command: "/home/rotem/os/os-hw4/build/tests/malloc_4_test" "scalloc 0 size"
Directory: /home/rotem/os/os-hw4/build/tests
"malloc_4.scalloc 0 size" start time: Jan 25 21:59 IST
Output:
----------------------------------------------------------
Filters: scalloc 0 size
Randomness seeded to: 2542501079
===============================================================================
All tests passed (21 assertions in 1 test case)

<end of output>
Test time =   0.00 sec
----------------------------------------------------------
Test Passed.
"malloc_4.scalloc 0 size" end time: Jan 25 21:59 IST
"malloc_4.scalloc 0 size" time elapsed: 00:00:00
----------------------------------------------------------

110/151 Testing: malloc_4.scalloc Max size num
110/151 Test: malloc_4.scalloc Max size num
Command: "/home/rotem/os/os-hw4/build/tests/malloc_4_test" "scalloc Max size num"
Directory: /home/rotem/os/os-hw4/build/tests
"malloc_4.scalloc Max size num" start time: Jan 25 21:59 IST
Output:
----------------------------------------------------------
Filters: scalloc Max size num
Randomness seeded to: 762618783
===============================================================================
All tests passed (27 assertions in 1 test case)

<end of output>
Test time =   0.00 sec
----------------------------------------------------------
Test Passed.
"malloc_4.scalloc Max size num" end time: Jan 25 21:59 IST
"malloc_4.scalloc Max size num" time elapsed: 00:00:00
----------------------------------------------------------

111/151 Testing: malloc_4.scalloc Max size size
111/151 Test: malloc_4.scalloc Max size size
Command: "/home/rotem/os/os-hw4/build/tests/malloc_4_test" "scalloc Max size size"
Directory: /home/rotem/os/os-hw4/build/tests
"malloc_4.scalloc Max size size" start time: Jan 25 21:59 IST
Output:
----------------------------------------------------------
Filters: scalloc Max size size
Randomness seeded to: 1775243781
===============================================================================
All tests passed (27 assertions in 1 test case)

<end of output>
Test time =   0.01 sec
----------------------------------------------------------
Test Passed.
"malloc_4.scalloc Max size size" end time: Jan 25 21:59 IST
"malloc_4.scalloc Max size size" time elapsed: 00:00:00
----------------------------------------------------------

112/151 Testing: malloc_4.scalloc Max size both
112/151 Test: malloc_4.scalloc Max size both
Command: "/home/rotem/os/os-hw4/build/tests/malloc_4_test" "scalloc Max size both"
Directory: /home/rotem/os/os-hw4/build/tests
"malloc_4.scalloc Max size both" start time: Jan 25 21:59 IST
Output:
----------------------------------------------------------
Filters: scalloc Max size both
Randomness seeded to: 933562690
===============================================================================
All tests passed (35 assertions in 1 test case)

<end of output>
Test time =   0.01 sec
----------------------------------------------------------
Test Passed.
"malloc_4.scalloc Max size both" end time: Jan 25 21:59 IST
"malloc_4.scalloc Max size both" time elapsed: 00:00:00
----------------------------------------------------------

113/151 Testing: malloc_4.Split block
113/151 Test: malloc_4.Split block
Command: "/home/rotem/os/os-hw4/build/tests/malloc_4_test" "Split block"
Directory: /home/rotem/os/os-hw4/build/tests
"malloc_4.Split block" start time: Jan 25 21:59 IST
Output:
----------------------------------------------------------
Filters: Split block
Randomness seeded to: 3690473855
===============================================================================
All tests passed (32 assertions in 1 test case)

<end of output>
Test time =   0.01 sec
----------------------------------------------------------
Test Passed.
"malloc_4.Split block" end time: Jan 25 21:59 IST
"malloc_4.Split block" time elapsed: 00:00:00
----------------------------------------------------------

114/151 Testing: malloc_4.Split block under threshold
114/151 Test: malloc_4.Split block under threshold
Command: "/home/rotem/os/os-hw4/build/tests/malloc_4_test" "Split block under threshold"
Directory: /home/rotem/os/os-hw4/build/tests
"malloc_4.Split block under threshold" start time: Jan 25 21:59 IST
Output:
----------------------------------------------------------
Filters: Split block under threshold
Randomness seeded to: 3777863138
===============================================================================
All tests passed (32 assertions in 1 test case)

<end of output>
Test time =   0.01 sec
----------------------------------------------------------
Test Passed.
"malloc_4.Split block under threshold" end time: Jan 25 21:59 IST
"malloc_4.Split block under threshold" time elapsed: 00:00:00
----------------------------------------------------------

115/151 Testing: malloc_4.Split block threshold
115/151 Test: malloc_4.Split block threshold
Command: "/home/rotem/os/os-hw4/build/tests/malloc_4_test" "Split block threshold"
Directory: /home/rotem/os/os-hw4/build/tests
"malloc_4.Split block threshold" start time: Jan 25 21:59 IST
Output:
----------------------------------------------------------
Filters: Split block threshold
Randomness seeded to: 3697599050
===============================================================================
All tests passed (32 assertions in 1 test case)

<end of output>
Test time =   0.01 sec
----------------------------------------------------------
Test Passed.
"malloc_4.Split block threshold" end time: Jan 25 21:59 IST
"malloc_4.Split block threshold" time elapsed: 00:00:00
----------------------------------------------------------

116/151 Testing: malloc_4.Merge with prev block
116/151 Test: malloc_4.Merge with prev block
Command: "/home/rotem/os/os-hw4/build/tests/malloc_4_test" "Merge with prev block"
Directory: /home/rotem/os/os-hw4/build/tests
"malloc_4.Merge with prev block" start time: Jan 25 21:59 IST
Output:
----------------------------------------------------------
Filters: Merge with prev block
Randomness seeded to: 2384081328
===============================================================================
All tests passed (32 assertions in 1 test case)

<end of output>
Test time =   0.01 sec
----------------------------------------------------------
Test Passed.
"malloc_4.Merge with prev block" end time: Jan 25 21:59 IST
"malloc_4.Merge with prev block" time elapsed: 00:00:00
----------------------------------------------------------

117/151 Testing: malloc_4.Merge with prev block pad
117/151 Test: malloc_4.Merge with prev block pad
Command: "/home/rotem/os/os-hw4/build/tests/malloc_4_test" "Merge with prev block pad"
Directory: /home/rotem/os/os-hw4/build/tests
"malloc_4.Merge with prev block pad" start time: Jan 25 21:59 IST
Output:
----------------------------------------------------------
Filters: Merge with prev block pad
Randomness seeded to: 2010727570
===============================================================================
All tests passed (58 assertions in 1 test case)

<end of output>
Test time =   0.01 sec
----------------------------------------------------------
Test Passed.
"malloc_4.Merge with prev block pad" end time: Jan 25 21:59 IST
"malloc_4.Merge with prev block pad" time elapsed: 00:00:00
----------------------------------------------------------

118/151 Testing: malloc_4.Merge with next block
118/151 Test: malloc_4.Merge with next block
Command: "/home/rotem/os/os-hw4/build/tests/malloc_4_test" "Merge with next block"
Directory: /home/rotem/os/os-hw4/build/tests
"malloc_4.Merge with next block" start time: Jan 25 21:59 IST
Output:
----------------------------------------------------------
Filters: Merge with next block
Randomness seeded to: 2447378391
===============================================================================
All tests passed (32 assertions in 1 test case)

<end of output>
Test time =   0.00 sec
----------------------------------------------------------
Test Passed.
"malloc_4.Merge with next block" end time: Jan 25 21:59 IST
"malloc_4.Merge with next block" time elapsed: 00:00:00
----------------------------------------------------------

119/151 Testing: malloc_4.Merge with next block pad
119/151 Test: malloc_4.Merge with next block pad
Command: "/home/rotem/os/os-hw4/build/tests/malloc_4_test" "Merge with next block pad"
Directory: /home/rotem/os/os-hw4/build/tests
"malloc_4.Merge with next block pad" start time: Jan 25 21:59 IST
Output:
----------------------------------------------------------
Filters: Merge with next block pad
Randomness seeded to: 1296348186
===============================================================================
All tests passed (58 assertions in 1 test case)

<end of output>
Test time =   0.00 sec
----------------------------------------------------------
Test Passed.
"malloc_4.Merge with next block pad" end time: Jan 25 21:59 IST
"malloc_4.Merge with next block pad" time elapsed: 00:00:00
----------------------------------------------------------

120/151 Testing: malloc_4.Merge with both blocks
120/151 Test: malloc_4.Merge with both blocks
Command: "/home/rotem/os/os-hw4/build/tests/malloc_4_test" "Merge with both blocks"
Directory: /home/rotem/os/os-hw4/build/tests
"malloc_4.Merge with both blocks" start time: Jan 25 21:59 IST
Output:
----------------------------------------------------------
Filters: Merge with both blocks
Randomness seeded to: 486800970
===============================================================================
All tests passed (47 assertions in 1 test case)

<end of output>
Test time =   0.00 sec
----------------------------------------------------------
Test Passed.
"malloc_4.Merge with both blocks" end time: Jan 25 21:59 IST
"malloc_4.Merge with both blocks" time elapsed: 00:00:00
----------------------------------------------------------

121/151 Testing: malloc_4.Merge with both blocks pad
121/151 Test: malloc_4.Merge with both blocks pad
Command: "/home/rotem/os/os-hw4/build/tests/malloc_4_test" "Merge with both blocks pad"
Directory: /home/rotem/os/os-hw4/build/tests
"malloc_4.Merge with both blocks pad" start time: Jan 25 21:59 IST
Output:
----------------------------------------------------------
Filters: Merge with both blocks pad
Randomness seeded to: 3593754325
===============================================================================
All tests passed (73 assertions in 1 test case)

<end of output>
Test time =   0.01 sec
----------------------------------------------------------
Test Passed.
"malloc_4.Merge with both blocks pad" end time: Jan 25 21:59 IST
"malloc_4.Merge with both blocks pad" time elapsed: 00:00:00
----------------------------------------------------------

122/151 Testing: malloc_4.realloc
122/151 Test: malloc_4.realloc
Command: "/home/rotem/os/os-hw4/build/tests/malloc_4_test" "realloc"
Directory: /home/rotem/os/os-hw4/build/tests
"malloc_4.realloc" start time: Jan 25 21:59 IST
Output:
----------------------------------------------------------
Filters: realloc
Randomness seeded to: 3336104485
===============================================================================
All tests passed (36 assertions in 1 test case)

<end of output>
Test time =   0.01 sec
----------------------------------------------------------
Test Passed.
"malloc_4.realloc" end time: Jan 25 21:59 IST
"malloc_4.realloc" time elapsed: 00:00:00
----------------------------------------------------------

123/151 Testing: malloc_4.realloc shrink
123/151 Test: malloc_4.realloc shrink
Command: "/home/rotem/os/os-hw4/build/tests/malloc_4_test" "realloc shrink"
Directory: /home/rotem/os/os-hw4/build/tests
"malloc_4.realloc shrink" start time: Jan 25 21:59 IST
Output:
----------------------------------------------------------
Filters: realloc shrink
Randomness seeded to: 3927445580
===============================================================================
All tests passed (36 assertions in 1 test case)

<end of output>
Test time =   0.01 sec
----------------------------------------------------------
Test Passed.
"malloc_4.realloc shrink" end time: Jan 25 21:59 IST
"malloc_4.realloc shrink" time elapsed: 00:00:00
----------------------------------------------------------

124/151 Testing: malloc_4.srealloc Max size
124/151 Test: malloc_4.srealloc Max size
Command: "/home/rotem/os/os-hw4/build/tests/malloc_4_test" "srealloc Max size"
Directory: /home/rotem/os/os-hw4/build/tests
"malloc_4.srealloc Max size" start time: Jan 25 21:59 IST
Output:
----------------------------------------------------------
Filters: srealloc Max size
Randomness seeded to: 2860934903
===============================================================================
All tests passed (35 assertions in 1 test case)

<end of output>
Test time =   0.01 sec
----------------------------------------------------------
Test Passed.
"malloc_4.srealloc Max size" end time: Jan 25 21:59 IST
"malloc_4.srealloc Max size" time elapsed: 00:00:00
----------------------------------------------------------

125/151 Testing: malloc_4.srealloc case a
125/151 Test: malloc_4.srealloc case a
Command: "/home/rotem/os/os-hw4/build/tests/malloc_4_test" "srealloc case a"
Directory: /home/rotem/os/os-hw4/build/tests
"malloc_4.srealloc case a" start time: Jan 25 21:59 IST
Output:
----------------------------------------------------------
Filters: srealloc case a
Randomness seeded to: 895408708
===============================================================================
All tests passed (112 assertions in 1 test case)

<end of output>
Test time =   0.00 sec
----------------------------------------------------------
Test Passed.
"malloc_4.srealloc case a" end time: Jan 25 21:59 IST
"malloc_4.srealloc case a" time elapsed: 00:00:00
----------------------------------------------------------

126/151 Testing: malloc_4.srealloc case a split
126/151 Test: malloc_4.srealloc case a split
Command: "/home/rotem/os/os-hw4/build/tests/malloc_4_test" "srealloc case a split"
Directory: /home/rotem/os/os-hw4/build/tests
"malloc_4.srealloc case a split" start time: Jan 25 21:59 IST
Output:
----------------------------------------------------------
Filters: srealloc case a split
Randomness seeded to: 2445680002
===============================================================================
All tests passed (58 assertions in 1 test case)

<end of output>
Test time =   0.00 sec
----------------------------------------------------------
Test Passed.
"malloc_4.srealloc case a split" end time: Jan 25 21:59 IST
"malloc_4.srealloc case a split" time elapsed: 00:00:00
----------------------------------------------------------

127/151 Testing: malloc_4.srealloc case a mmap
127/151 Test: malloc_4.srealloc case a mmap
Command: "/home/rotem/os/os-hw4/build/tests/malloc_4_test" "srealloc case a mmap"
Directory: /home/rotem/os/os-hw4/build/tests
"malloc_4.srealloc case a mmap" start time: Jan 25 21:59 IST
Output:
----------------------------------------------------------
Filters: srealloc case a mmap
Randomness seeded to: 2817262956

~~~~~~~~~~~~~~~~~~~~~~~~~~~~~~~~~~~~~~~~~~~~~~~~~~~~~~~~~~~~~~~~~~~~~~~~~~~~~~~
malloc_4_test is a Catch2 v3.0.1 host application.
Run with -? for options

-------------------------------------------------------------------------------
srealloc case a mmap
-------------------------------------------------------------------------------
/home/rotem/os/os-hw4/tests/malloc_4_test_srealloc_cases.cpp:121
...............................................................................

/home/rotem/os/os-hw4/tests/malloc_4_test_srealloc_cases.cpp:143: FAILED:
  REQUIRE( _num_allocated_bytes() + aligned_size(_size_meta_data() * _num_allocated_blocks()) == (size_t)after - (size_t)base )
with expansion:
  72 == 0

===============================================================================
test cases:      1 |      0 passed | 1 failed
assertions: 131100 | 131099 passed | 1 failed

<end of output>
Test time =   0.03 sec
----------------------------------------------------------
Test Failed.
"malloc_4.srealloc case a mmap" end time: Jan 25 21:59 IST
"malloc_4.srealloc case a mmap" time elapsed: 00:00:00
----------------------------------------------------------

128/151 Testing: malloc_4.srealloc case b
128/151 Test: malloc_4.srealloc case b
Command: "/home/rotem/os/os-hw4/build/tests/malloc_4_test" "srealloc case b"
Directory: /home/rotem/os/os-hw4/build/tests
"malloc_4.srealloc case b" start time: Jan 25 21:59 IST
Output:
----------------------------------------------------------
Filters: srealloc case b
Randomness seeded to: 3980042974
===============================================================================
All tests passed (106 assertions in 1 test case)

<end of output>
Test time =   0.01 sec
----------------------------------------------------------
Test Passed.
"malloc_4.srealloc case b" end time: Jan 25 21:59 IST
"malloc_4.srealloc case b" time elapsed: 00:00:00
----------------------------------------------------------

129/151 Testing: malloc_4.srealloc case b metadata
129/151 Test: malloc_4.srealloc case b metadata
Command: "/home/rotem/os/os-hw4/build/tests/malloc_4_test" "srealloc case b metadata"
Directory: /home/rotem/os/os-hw4/build/tests
"malloc_4.srealloc case b metadata" start time: Jan 25 21:59 IST
Output:
----------------------------------------------------------
Filters: srealloc case b metadata
Randomness seeded to: 3665582356
===============================================================================
All tests passed (66 assertions in 1 test case)

<end of output>
Test time =   0.00 sec
----------------------------------------------------------
Test Passed.
"malloc_4.srealloc case b metadata" end time: Jan 25 21:59 IST
"malloc_4.srealloc case b metadata" time elapsed: 00:00:00
----------------------------------------------------------

130/151 Testing: malloc_4.srealloc case b split
130/151 Test: malloc_4.srealloc case b split
Command: "/home/rotem/os/os-hw4/build/tests/malloc_4_test" "srealloc case b split"
Directory: /home/rotem/os/os-hw4/build/tests
"malloc_4.srealloc case b split" start time: Jan 25 21:59 IST
Output:
----------------------------------------------------------
Filters: srealloc case b split
Randomness seeded to: 1524182162

~~~~~~~~~~~~~~~~~~~~~~~~~~~~~~~~~~~~~~~~~~~~~~~~~~~~~~~~~~~~~~~~~~~~~~~~~~~~~~~
malloc_4_test is a Catch2 v3.0.1 host application.
Run with -? for options

-------------------------------------------------------------------------------
srealloc case b split
-------------------------------------------------------------------------------
/home/rotem/os/os-hw4/tests/malloc_4_test_srealloc_cases.cpp:222
...............................................................................

/home/rotem/os/os-hw4/tests/malloc_4_test_srealloc_cases.cpp:245: FAILED:
  REQUIRE( _num_allocated_blocks() == 2 )
with expansion:
  3 == 2

===============================================================================
test cases:  1 |  0 passed | 1 failed
assertions: 23 | 22 passed | 1 failed

<end of output>
Test time =   0.00 sec
----------------------------------------------------------
Test Failed.
"malloc_4.srealloc case b split" end time: Jan 25 21:59 IST
"malloc_4.srealloc case b split" time elapsed: 00:00:00
----------------------------------------------------------

131/151 Testing: malloc_4.srealloc case b wilderness
131/151 Test: malloc_4.srealloc case b wilderness
Command: "/home/rotem/os/os-hw4/build/tests/malloc_4_test" "srealloc case b wilderness"
Directory: /home/rotem/os/os-hw4/build/tests
"malloc_4.srealloc case b wilderness" start time: Jan 25 21:59 IST
Output:
----------------------------------------------------------
Filters: srealloc case b wilderness
Randomness seeded to: 1407671805
===============================================================================
All tests passed (65 assertions in 1 test case)

<end of output>
Test time =   0.01 sec
----------------------------------------------------------
Test Passed.
"malloc_4.srealloc case b wilderness" end time: Jan 25 21:59 IST
"malloc_4.srealloc case b wilderness" time elapsed: 00:00:00
----------------------------------------------------------

132/151 Testing: malloc_4.srealloc case b wilderness 2
132/151 Test: malloc_4.srealloc case b wilderness 2
Command: "/home/rotem/os/os-hw4/build/tests/malloc_4_test" "srealloc case b wilderness 2"
Directory: /home/rotem/os/os-hw4/build/tests
"malloc_4.srealloc case b wilderness 2" start time: Jan 25 21:59 IST
Output:
----------------------------------------------------------
Filters: srealloc case b wilderness 2
Randomness seeded to: 1624285125
===============================================================================
All tests passed (97 assertions in 1 test case)

<end of output>
Test time =   0.00 sec
----------------------------------------------------------
Test Passed.
"malloc_4.srealloc case b wilderness 2" end time: Jan 25 21:59 IST
"malloc_4.srealloc case b wilderness 2" time elapsed: 00:00:00
----------------------------------------------------------

133/151 Testing: malloc_4.srealloc case c
133/151 Test: malloc_4.srealloc case c
Command: "/home/rotem/os/os-hw4/build/tests/malloc_4_test" "srealloc case c"
Directory: /home/rotem/os/os-hw4/build/tests
"malloc_4.srealloc case c" start time: Jan 25 21:59 IST
Output:
----------------------------------------------------------
Filters: srealloc case c
Randomness seeded to: 644478810
===============================================================================
All tests passed (90 assertions in 1 test case)

<end of output>
Test time =   0.00 sec
----------------------------------------------------------
Test Passed.
"malloc_4.srealloc case c" end time: Jan 25 21:59 IST
"malloc_4.srealloc case c" time elapsed: 00:00:00
----------------------------------------------------------

134/151 Testing: malloc_4.srealloc case c 2
134/151 Test: malloc_4.srealloc case c 2
Command: "/home/rotem/os/os-hw4/build/tests/malloc_4_test" "srealloc case c 2"
Directory: /home/rotem/os/os-hw4/build/tests
"malloc_4.srealloc case c 2" start time: Jan 25 21:59 IST
Output:
----------------------------------------------------------
Filters: srealloc case c 2
Randomness seeded to: 1805555035
===============================================================================
All tests passed (97 assertions in 1 test case)

<end of output>
Test time =   0.01 sec
----------------------------------------------------------
Test Passed.
"malloc_4.srealloc case c 2" end time: Jan 25 21:59 IST
"malloc_4.srealloc case c 2" time elapsed: 00:00:00
----------------------------------------------------------

135/151 Testing: malloc_4.srealloc case d
135/151 Test: malloc_4.srealloc case d
Command: "/home/rotem/os/os-hw4/build/tests/malloc_4_test" "srealloc case d"
Directory: /home/rotem/os/os-hw4/build/tests
"malloc_4.srealloc case d" start time: Jan 25 21:59 IST
Output:
----------------------------------------------------------
Filters: srealloc case d
Randomness seeded to: 2323608913
===============================================================================
All tests passed (112 assertions in 1 test case)

<end of output>
Test time =   0.01 sec
----------------------------------------------------------
Test Passed.
"malloc_4.srealloc case d" end time: Jan 25 21:59 IST
"malloc_4.srealloc case d" time elapsed: 00:00:00
----------------------------------------------------------

136/151 Testing: malloc_4.srealloc case d metadata
136/151 Test: malloc_4.srealloc case d metadata
Command: "/home/rotem/os/os-hw4/build/tests/malloc_4_test" "srealloc case d metadata"
Directory: /home/rotem/os/os-hw4/build/tests
"malloc_4.srealloc case d metadata" start time: Jan 25 21:59 IST
Output:
----------------------------------------------------------
Filters: srealloc case d metadata
Randomness seeded to: 828219202
===============================================================================
All tests passed (72 assertions in 1 test case)

<end of output>
Test time =   0.01 sec
----------------------------------------------------------
Test Passed.
"malloc_4.srealloc case d metadata" end time: Jan 25 21:59 IST
"malloc_4.srealloc case d metadata" time elapsed: 00:00:00
----------------------------------------------------------

137/151 Testing: malloc_4.srealloc case d split
137/151 Test: malloc_4.srealloc case d split
Command: "/home/rotem/os/os-hw4/build/tests/malloc_4_test" "srealloc case d split"
Directory: /home/rotem/os/os-hw4/build/tests
"malloc_4.srealloc case d split" start time: Jan 25 21:59 IST
Output:
----------------------------------------------------------
Filters: srealloc case d split
Randomness seeded to: 2565949309
===============================================================================
All tests passed (72 assertions in 1 test case)

<end of output>
Test time =   0.01 sec
----------------------------------------------------------
Test Passed.
"malloc_4.srealloc case d split" end time: Jan 25 21:59 IST
"malloc_4.srealloc case d split" time elapsed: 00:00:00
----------------------------------------------------------

138/151 Testing: malloc_4.srealloc case e
138/151 Test: malloc_4.srealloc case e
Command: "/home/rotem/os/os-hw4/build/tests/malloc_4_test" "srealloc case e"
Directory: /home/rotem/os/os-hw4/build/tests
"malloc_4.srealloc case e" start time: Jan 25 21:59 IST
Output:
----------------------------------------------------------
Filters: srealloc case e
Randomness seeded to: 535985877
===============================================================================
All tests passed (74 assertions in 1 test case)

<end of output>
Test time =   0.00 sec
----------------------------------------------------------
Test Passed.
"malloc_4.srealloc case e" end time: Jan 25 21:59 IST
"malloc_4.srealloc case e" time elapsed: 00:00:00
----------------------------------------------------------

139/151 Testing: malloc_4.srealloc case e no pad
139/151 Test: malloc_4.srealloc case e no pad
Command: "/home/rotem/os/os-hw4/build/tests/malloc_4_test" "srealloc case e no pad"
Directory: /home/rotem/os/os-hw4/build/tests
"malloc_4.srealloc case e no pad" start time: Jan 25 21:59 IST
Output:
----------------------------------------------------------
Filters: srealloc case e no pad
Randomness seeded to: 424453266
===============================================================================
All tests passed (73 assertions in 1 test case)

<end of output>
Test time =   0.00 sec
----------------------------------------------------------
Test Passed.
"malloc_4.srealloc case e no pad" end time: Jan 25 21:59 IST
"malloc_4.srealloc case e no pad" time elapsed: 00:00:00
----------------------------------------------------------

140/151 Testing: malloc_4.srealloc case e split
140/151 Test: malloc_4.srealloc case e split
Command: "/home/rotem/os/os-hw4/build/tests/malloc_4_test" "srealloc case e split"
Directory: /home/rotem/os/os-hw4/build/tests
"malloc_4.srealloc case e split" start time: Jan 25 21:59 IST
Output:
----------------------------------------------------------
Filters: srealloc case e split
Randomness seeded to: 739137000
===============================================================================
All tests passed (146 assertions in 1 test case)

<end of output>
Test time =   0.00 sec
----------------------------------------------------------
Test Passed.
"malloc_4.srealloc case e split" end time: Jan 25 21:59 IST
"malloc_4.srealloc case e split" time elapsed: 00:00:00
----------------------------------------------------------

141/151 Testing: malloc_4.srealloc case fi
141/151 Test: malloc_4.srealloc case fi
Command: "/home/rotem/os/os-hw4/build/tests/malloc_4_test" "srealloc case fi"
Directory: /home/rotem/os/os-hw4/build/tests
"malloc_4.srealloc case fi" start time: Jan 25 21:59 IST
Output:
----------------------------------------------------------
Filters: srealloc case fi
Randomness seeded to: 1614591388
===============================================================================
All tests passed (73 assertions in 1 test case)

<end of output>
Test time =   0.00 sec
----------------------------------------------------------
Test Passed.
"malloc_4.srealloc case fi" end time: Jan 25 21:59 IST
"malloc_4.srealloc case fi" time elapsed: 00:00:00
----------------------------------------------------------

142/151 Testing: malloc_4.srealloc case fii
142/151 Test: malloc_4.srealloc case fii
Command: "/home/rotem/os/os-hw4/build/tests/malloc_4_test" "srealloc case fii"
Directory: /home/rotem/os/os-hw4/build/tests
"malloc_4.srealloc case fii" start time: Jan 25 21:59 IST
Output:
----------------------------------------------------------
Filters: srealloc case fii
Randomness seeded to: 3962979409
===============================================================================
All tests passed (79 assertions in 1 test case)

<end of output>
Test time =   0.00 sec
----------------------------------------------------------
Test Passed.
"malloc_4.srealloc case fii" end time: Jan 25 21:59 IST
"malloc_4.srealloc case fii" time elapsed: 00:00:00
----------------------------------------------------------

143/151 Testing: malloc_4.srealloc case g
143/151 Test: malloc_4.srealloc case g
Command: "/home/rotem/os/os-hw4/build/tests/malloc_4_test" "srealloc case g"
Directory: /home/rotem/os/os-hw4/build/tests
"malloc_4.srealloc case g" start time: Jan 25 21:59 IST
Output:
----------------------------------------------------------
Filters: srealloc case g
Randomness seeded to: 2805144181
===============================================================================
All tests passed (74 assertions in 1 test case)

<end of output>
Test time =   0.00 sec
----------------------------------------------------------
Test Passed.
"malloc_4.srealloc case g" end time: Jan 25 21:59 IST
"malloc_4.srealloc case g" time elapsed: 00:00:00
----------------------------------------------------------

144/151 Testing: malloc_4.srealloc case h
144/151 Test: malloc_4.srealloc case h
Command: "/home/rotem/os/os-hw4/build/tests/malloc_4_test" "srealloc case h"
Directory: /home/rotem/os/os-hw4/build/tests
"malloc_4.srealloc case h" start time: Jan 25 21:59 IST
Output:
----------------------------------------------------------
Filters: srealloc case h
Randomness seeded to: 2100688554
===============================================================================
All tests passed (75 assertions in 1 test case)

<end of output>
Test time =   0.01 sec
----------------------------------------------------------
Test Passed.
"malloc_4.srealloc case h" end time: Jan 25 21:59 IST
"malloc_4.srealloc case h" time elapsed: 00:00:00
----------------------------------------------------------

145/151 Testing: malloc_4.Huge pages smalloc
145/151 Test: malloc_4.Huge pages smalloc
Command: "/home/rotem/os/os-hw4/build/tests/malloc_4_test" "Huge pages smalloc"
Directory: /home/rotem/os/os-hw4/build/tests
"malloc_4.Huge pages smalloc" start time: Jan 25 21:59 IST
Output:
----------------------------------------------------------
Filters: Huge pages smalloc
Randomness seeded to: 647496371
===============================================================================
All tests passed (37 assertions in 1 test case)

<end of output>
Test time =   0.00 sec
----------------------------------------------------------
Test Passed.
"malloc_4.Huge pages smalloc" end time: Jan 25 21:59 IST
"malloc_4.Huge pages smalloc" time elapsed: 00:00:00
----------------------------------------------------------

146/151 Testing: malloc_4.Huge pages smalloc realloc
146/151 Test: malloc_4.Huge pages smalloc realloc
Command: "/home/rotem/os/os-hw4/build/tests/malloc_4_test" "Huge pages smalloc realloc"
Directory: /home/rotem/os/os-hw4/build/tests
"malloc_4.Huge pages smalloc realloc" start time: Jan 25 21:59 IST
Output:
----------------------------------------------------------
Filters: Huge pages smalloc realloc
Randomness seeded to: 3752450169

~~~~~~~~~~~~~~~~~~~~~~~~~~~~~~~~~~~~~~~~~~~~~~~~~~~~~~~~~~~~~~~~~~~~~~~~~~~~~~~
malloc_4_test is a Catch2 v3.0.1 host application.
Run with -? for options

-------------------------------------------------------------------------------
Huge pages smalloc realloc
-------------------------------------------------------------------------------
/home/rotem/os/os-hw4/tests/malloc_4_test.cpp:100
...............................................................................

/home/rotem/os/os-hw4/tests/malloc_4_test.cpp:100: FAILED:
  {Unknown expression after the reported line}
due to a fatal error condition:
  SIGSEGV - Segmentation violation signal

===============================================================================
test cases:  1 |  0 passed | 1 failed
assertions: 22 | 21 passed | 1 failed

<end of output>
Test time =   0.03 sec
----------------------------------------------------------
Test Failed.
"malloc_4.Huge pages smalloc realloc" end time: Jan 25 21:59 IST
"malloc_4.Huge pages smalloc realloc" time elapsed: 00:00:00
----------------------------------------------------------

147/151 Testing: malloc_4.Huge pages scalloc
147/151 Test: malloc_4.Huge pages scalloc
Command: "/home/rotem/os/os-hw4/build/tests/malloc_4_test" "Huge pages scalloc"
Directory: /home/rotem/os/os-hw4/build/tests
"malloc_4.Huge pages scalloc" start time: Jan 25 21:59 IST
Output:
----------------------------------------------------------
Filters: Huge pages scalloc
Randomness seeded to: 3354591698
===============================================================================
All tests passed (37 assertions in 1 test case)

<end of output>
Test time =   0.01 sec
----------------------------------------------------------
Test Passed.
"malloc_4.Huge pages scalloc" end time: Jan 25 21:59 IST
"malloc_4.Huge pages scalloc" time elapsed: 00:00:00
----------------------------------------------------------

148/151 Testing: malloc_4.Huge pages scalloc realloc
148/151 Test: malloc_4.Huge pages scalloc realloc
Command: "/home/rotem/os/os-hw4/build/tests/malloc_4_test" "Huge pages scalloc realloc"
Directory: /home/rotem/os/os-hw4/build/tests
"malloc_4.Huge pages scalloc realloc" start time: Jan 25 21:59 IST
Output:
----------------------------------------------------------
Filters: Huge pages scalloc realloc
Randomness seeded to: 1302367283

~~~~~~~~~~~~~~~~~~~~~~~~~~~~~~~~~~~~~~~~~~~~~~~~~~~~~~~~~~~~~~~~~~~~~~~~~~~~~~~
malloc_4_test is a Catch2 v3.0.1 host application.
Run with -? for options

-------------------------------------------------------------------------------
Huge pages scalloc realloc
-------------------------------------------------------------------------------
/home/rotem/os/os-hw4/tests/malloc_4_test.cpp:153
...............................................................................

/home/rotem/os/os-hw4/tests/malloc_4_test.cpp:168: FAILED:
  REQUIRE( huge_pages_base + 1 == get_huge_pages_amount() )
with expansion:
  1 == 0

===============================================================================
test cases:  1 |  0 passed | 1 failed
assertions: 25 | 24 passed | 1 failed

<end of output>
Test time =   0.01 sec
----------------------------------------------------------
Test Failed.
"malloc_4.Huge pages scalloc realloc" end time: Jan 25 21:59 IST
"malloc_4.Huge pages scalloc realloc" time elapsed: 00:00:00
----------------------------------------------------------

149/151 Testing: malloc_4.Dynamic mmap
149/151 Test: malloc_4.Dynamic mmap
Command: "/home/rotem/os/os-hw4/build/tests/malloc_4_test" "Dynamic mmap"
Directory: /home/rotem/os/os-hw4/build/tests
"malloc_4.Dynamic mmap" start time: Jan 25 21:59 IST
Output:
----------------------------------------------------------
Filters: Dynamic mmap
Randomness seeded to: 916914611

~~~~~~~~~~~~~~~~~~~~~~~~~~~~~~~~~~~~~~~~~~~~~~~~~~~~~~~~~~~~~~~~~~~~~~~~~~~~~~~
malloc_4_test is a Catch2 v3.0.1 host application.
Run with -? for options

-------------------------------------------------------------------------------
Dynamic mmap
-------------------------------------------------------------------------------
/home/rotem/os/os-hw4/tests/malloc_4_test.cpp:175
...............................................................................

/home/rotem/os/os-hw4/tests/malloc_4_test.cpp:191: FAILED:
  REQUIRE( _num_allocated_bytes() + aligned_size(_size_meta_data() * _num_allocated_blocks()) == (size_t)after - (size_t)base )
with expansion:
  131112 (0x20028) == 0

===============================================================================
test cases:  1 |  0 passed | 1 failed
assertions: 25 | 24 passed | 1 failed

<end of output>
Test time =   0.01 sec
----------------------------------------------------------
Test Failed.
"malloc_4.Dynamic mmap" end time: Jan 25 21:59 IST
"malloc_4.Dynamic mmap" time elapsed: 00:00:00
----------------------------------------------------------

150/151 Testing: malloc_4.Dynamic mmap 2
150/151 Test: malloc_4.Dynamic mmap 2
Command: "/home/rotem/os/os-hw4/build/tests/malloc_4_test" "Dynamic mmap 2"
Directory: /home/rotem/os/os-hw4/build/tests
"malloc_4.Dynamic mmap 2" start time: Jan 25 21:59 IST
Output:
----------------------------------------------------------
Filters: Dynamic mmap 2
Randomness seeded to: 2782446159

~~~~~~~~~~~~~~~~~~~~~~~~~~~~~~~~~~~~~~~~~~~~~~~~~~~~~~~~~~~~~~~~~~~~~~~~~~~~~~~
malloc_4_test is a Catch2 v3.0.1 host application.
Run with -? for options

-------------------------------------------------------------------------------
Dynamic mmap 2
-------------------------------------------------------------------------------
/home/rotem/os/os-hw4/tests/malloc_4_test.cpp:198
...............................................................................

/home/rotem/os/os-hw4/tests/malloc_4_test.cpp:214: FAILED:
  REQUIRE( _num_allocated_bytes() + aligned_size(_size_meta_data() * _num_allocated_blocks()) == (size_t)after - (size_t)base )
with expansion:
  131128 (0x20038) == 0

===============================================================================
test cases:  1 |  0 passed | 1 failed
assertions: 25 | 24 passed | 1 failed

<end of output>
Test time =   0.01 sec
----------------------------------------------------------
Test Failed.
"malloc_4.Dynamic mmap 2" end time: Jan 25 21:59 IST
"malloc_4.Dynamic mmap 2" time elapsed: 00:00:00
----------------------------------------------------------

151/151 Testing: malloc_4.Dynamic mmap threshold max
151/151 Test: malloc_4.Dynamic mmap threshold max
Command: "/home/rotem/os/os-hw4/build/tests/malloc_4_test" "Dynamic mmap threshold max"
Directory: /home/rotem/os/os-hw4/build/tests
"malloc_4.Dynamic mmap threshold max" start time: Jan 25 21:59 IST
Output:
----------------------------------------------------------
Filters: Dynamic mmap threshold max
Randomness seeded to: 1308762045

~~~~~~~~~~~~~~~~~~~~~~~~~~~~~~~~~~~~~~~~~~~~~~~~~~~~~~~~~~~~~~~~~~~~~~~~~~~~~~~
malloc_4_test is a Catch2 v3.0.1 host application.
Run with -? for options

-------------------------------------------------------------------------------
Dynamic mmap threshold max
-------------------------------------------------------------------------------
/home/rotem/os/os-hw4/tests/malloc_4_test.cpp:221
...............................................................................

/home/rotem/os/os-hw4/tests/malloc_4_test.cpp:237: FAILED:
  REQUIRE( _num_allocated_bytes() + aligned_size(_size_meta_data() * _num_allocated_blocks()) == (size_t)after - (size_t)base )
with expansion:
  33554464 (0x2000020) == 0

===============================================================================
test cases:  1 |  0 passed | 1 failed
assertions: 25 | 24 passed | 1 failed

<end of output>
Test time =   0.01 sec
----------------------------------------------------------
Test Failed.
"malloc_4.Dynamic mmap threshold max" end time: Jan 25 21:59 IST
"malloc_4.Dynamic mmap threshold max" time elapsed: 00:00:00
----------------------------------------------------------

End testing: Jan 25 21:59 IST
